[debug] [2025-08-15T08:36:10.067Z] ----------------------------------------------------------------------
[debug] [2025-08-15T08:36:10.071Z] Command:       C:\Program Files\nodejs\node.exe C:\Users\Kurts\AppData\Roaming\npm\node_modules\firebase-tools\lib\bin\firebase.js deploy --only functions
[debug] [2025-08-15T08:36:10.072Z] CLI Version:   14.12.0
[debug] [2025-08-15T08:36:10.072Z] Platform:      win32
[debug] [2025-08-15T08:36:10.072Z] Node Version:  v22.17.0
[debug] [2025-08-15T08:36:10.073Z] Time:          Fri Aug 15 2025 10:36:10 GMT+0200 (South Africa Standard Time)
[debug] [2025-08-15T08:36:10.073Z] ----------------------------------------------------------------------
[debug] 
[debug] [2025-08-15T08:36:10.416Z] > command requires scopes: ["email","openid","https://www.googleapis.com/auth/cloudplatformprojects.readonly","https://www.googleapis.com/auth/firebase","https://www.googleapis.com/auth/cloud-platform"]
[debug] [2025-08-15T08:36:10.416Z] > authorizing via signed-in user (231002@virtualwindow.co.za)
[debug] [2025-08-15T08:36:10.417Z] [iam] checking project safelydv300classproj for permissions ["cloudfunctions.functions.create","cloudfunctions.functions.delete","cloudfunctions.functions.get","cloudfunctions.functions.list","cloudfunctions.functions.update","cloudfunctions.operations.get","firebase.projects.get"]
[debug] [2025-08-15T08:36:10.419Z] Checked if tokens are valid: true, expires at: 1755249583824
[debug] [2025-08-15T08:36:10.419Z] Checked if tokens are valid: true, expires at: 1755249583824
[debug] [2025-08-15T08:36:10.420Z] >>> [apiv2][query] POST https://cloudresourcemanager.googleapis.com/v1/projects/safelydv300classproj:testIamPermissions [none]
[debug] [2025-08-15T08:36:10.421Z] >>> [apiv2][(partial)header] POST https://cloudresourcemanager.googleapis.com/v1/projects/safelydv300classproj:testIamPermissions x-goog-quota-user=projects/safelydv300classproj
[debug] [2025-08-15T08:36:10.421Z] >>> [apiv2][body] POST https://cloudresourcemanager.googleapis.com/v1/projects/safelydv300classproj:testIamPermissions {"permissions":["cloudfunctions.functions.create","cloudfunctions.functions.delete","cloudfunctions.functions.get","cloudfunctions.functions.list","cloudfunctions.functions.update","cloudfunctions.operations.get","firebase.projects.get"]}
[debug] [2025-08-15T08:36:12.176Z] <<< [apiv2][status] POST https://cloudresourcemanager.googleapis.com/v1/projects/safelydv300classproj:testIamPermissions 200
[debug] [2025-08-15T08:36:12.177Z] <<< [apiv2][body] POST https://cloudresourcemanager.googleapis.com/v1/projects/safelydv300classproj:testIamPermissions {"permissions":["cloudfunctions.functions.create","cloudfunctions.functions.delete","cloudfunctions.functions.get","cloudfunctions.functions.list","cloudfunctions.functions.update","cloudfunctions.operations.get","firebase.projects.get"]}
[debug] [2025-08-15T08:36:12.177Z] Checked if tokens are valid: true, expires at: 1755249583824
[debug] [2025-08-15T08:36:12.177Z] Checked if tokens are valid: true, expires at: 1755249583824
[debug] [2025-08-15T08:36:12.178Z] >>> [apiv2][query] POST https://iam.googleapis.com/v1/projects/safelydv300classproj/serviceAccounts/safelydv300classproj@appspot.gserviceaccount.com:testIamPermissions [none]
[debug] [2025-08-15T08:36:12.178Z] >>> [apiv2][body] POST https://iam.googleapis.com/v1/projects/safelydv300classproj/serviceAccounts/safelydv300classproj@appspot.gserviceaccount.com:testIamPermissions {"permissions":["iam.serviceAccounts.actAs"]}
[debug] [2025-08-15T08:36:14.015Z] <<< [apiv2][status] POST https://iam.googleapis.com/v1/projects/safelydv300classproj/serviceAccounts/safelydv300classproj@appspot.gserviceaccount.com:testIamPermissions 200
[debug] [2025-08-15T08:36:14.015Z] <<< [apiv2][body] POST https://iam.googleapis.com/v1/projects/safelydv300classproj/serviceAccounts/safelydv300classproj@appspot.gserviceaccount.com:testIamPermissions {"permissions":["iam.serviceAccounts.actAs"]}
[info] 
[info] === Deploying to 'safelydv300classproj'...
[info] 
[info] i  deploying functions 
[info] Running command: npm --prefix "$RESOURCE_DIR" run build
[info] +  functions: Finished running predeploy script. 
[debug] [2025-08-15T08:36:28.561Z] Checked if tokens are valid: true, expires at: 1755249583824
[debug] [2025-08-15T08:36:28.562Z] Checked if tokens are valid: true, expires at: 1755249583824
[debug] [2025-08-15T08:36:28.562Z] >>> [apiv2][query] GET https://serviceusage.googleapis.com/v1/projects/safelydv300classproj/services/cloudresourcemanager.googleapis.com [none]
[debug] [2025-08-15T08:36:28.562Z] >>> [apiv2][(partial)header] GET https://serviceusage.googleapis.com/v1/projects/safelydv300classproj/services/cloudresourcemanager.googleapis.com x-goog-quota-user=projects/safelydv300classproj
[debug] [2025-08-15T08:36:30.648Z] <<< [apiv2][status] GET https://serviceusage.googleapis.com/v1/projects/safelydv300classproj/services/cloudresourcemanager.googleapis.com 200
[debug] [2025-08-15T08:36:30.649Z] <<< [apiv2][body] GET https://serviceusage.googleapis.com/v1/projects/safelydv300classproj/services/cloudresourcemanager.googleapis.com [omitted]
[debug] [2025-08-15T08:36:30.667Z] Checked if tokens are valid: true, expires at: 1755249583824
[debug] [2025-08-15T08:36:30.667Z] Checked if tokens are valid: true, expires at: 1755249583824
[debug] [2025-08-15T08:36:30.668Z] >>> [apiv2][query] GET https://cloudresourcemanager.googleapis.com/v1/projects/safelydv300classproj [none]
[debug] [2025-08-15T08:36:32.341Z] <<< [apiv2][status] GET https://cloudresourcemanager.googleapis.com/v1/projects/safelydv300classproj 200
[debug] [2025-08-15T08:36:32.341Z] <<< [apiv2][body] GET https://cloudresourcemanager.googleapis.com/v1/projects/safelydv300classproj {"projectNumber":"130552682344","projectId":"safelydv300classproj","lifecycleState":"ACTIVE","name":"SafelyDV300ClassProj","labels":{"firebase":"enabled","firebase-core":"disabled"},"createTime":"2025-07-23T12:41:51.344134Z","parent":{"type":"organization","id":"302473745500"}}
[info] i  functions: preparing codebase default for deployment 
[info] i  functions: ensuring required API cloudfunctions.googleapis.com is enabled... 
[info] i  functions: ensuring required API cloudbuild.googleapis.com is enabled... 
[debug] [2025-08-15T08:36:32.346Z] Checked if tokens are valid: true, expires at: 1755249583824
[debug] [2025-08-15T08:36:32.346Z] Checked if tokens are valid: true, expires at: 1755249583824
[info] i  artifactregistry: ensuring required API artifactregistry.googleapis.com is enabled... 
[debug] [2025-08-15T08:36:32.347Z] Checked if tokens are valid: true, expires at: 1755249583824
[debug] [2025-08-15T08:36:32.347Z] Checked if tokens are valid: true, expires at: 1755249583824
[debug] [2025-08-15T08:36:32.348Z] >>> [apiv2][query] GET https://serviceusage.googleapis.com/v1/projects/safelydv300classproj/services/cloudbuild.googleapis.com [none]
[debug] [2025-08-15T08:36:32.348Z] >>> [apiv2][(partial)header] GET https://serviceusage.googleapis.com/v1/projects/safelydv300classproj/services/cloudbuild.googleapis.com x-goog-quota-user=projects/safelydv300classproj
[debug] [2025-08-15T08:36:32.349Z] >>> [apiv2][query] GET https://serviceusage.googleapis.com/v1/projects/safelydv300classproj/services/artifactregistry.googleapis.com [none]
[debug] [2025-08-15T08:36:32.349Z] >>> [apiv2][(partial)header] GET https://serviceusage.googleapis.com/v1/projects/safelydv300classproj/services/artifactregistry.googleapis.com x-goog-quota-user=projects/safelydv300classproj
[debug] [2025-08-15T08:36:34.009Z] <<< [apiv2][status] GET https://serviceusage.googleapis.com/v1/projects/safelydv300classproj/services/cloudbuild.googleapis.com 200
[debug] [2025-08-15T08:36:34.009Z] <<< [apiv2][body] GET https://serviceusage.googleapis.com/v1/projects/safelydv300classproj/services/cloudbuild.googleapis.com [omitted]
[warn] !  functions: missing required API cloudbuild.googleapis.com. Enabling now... 
[debug] [2025-08-15T08:36:34.010Z] Checked if tokens are valid: true, expires at: 1755249583824
[debug] [2025-08-15T08:36:34.010Z] Checked if tokens are valid: true, expires at: 1755249583824
[debug] [2025-08-15T08:36:34.011Z] >>> [apiv2][query] POST https://serviceusage.googleapis.com/v1/projects/safelydv300classproj/services/cloudbuild.googleapis.com:enable [none]
[debug] [2025-08-15T08:36:34.011Z] >>> [apiv2][(partial)header] POST https://serviceusage.googleapis.com/v1/projects/safelydv300classproj/services/cloudbuild.googleapis.com:enable x-goog-quota-user=projects/safelydv300classproj
[debug] [2025-08-15T08:36:34.233Z] <<< [apiv2][status] GET https://serviceusage.googleapis.com/v1/projects/safelydv300classproj/services/artifactregistry.googleapis.com 200
[debug] [2025-08-15T08:36:34.234Z] <<< [apiv2][body] GET https://serviceusage.googleapis.com/v1/projects/safelydv300classproj/services/artifactregistry.googleapis.com [omitted]
[warn] !  artifactregistry: missing required API artifactregistry.googleapis.com. Enabling now... 
[debug] [2025-08-15T08:36:34.234Z] Checked if tokens are valid: true, expires at: 1755249583824
[debug] [2025-08-15T08:36:34.234Z] Checked if tokens are valid: true, expires at: 1755249583824
[debug] [2025-08-15T08:36:34.234Z] >>> [apiv2][query] POST https://serviceusage.googleapis.com/v1/projects/safelydv300classproj/services/artifactregistry.googleapis.com:enable [none]
[debug] [2025-08-15T08:36:34.235Z] >>> [apiv2][(partial)header] POST https://serviceusage.googleapis.com/v1/projects/safelydv300classproj/services/artifactregistry.googleapis.com:enable x-goog-quota-user=projects/safelydv300classproj
[debug] [2025-08-15T08:36:36.166Z] <<< [apiv2][status] POST https://serviceusage.googleapis.com/v1/projects/safelydv300classproj/services/cloudbuild.googleapis.com:enable 200
[debug] [2025-08-15T08:36:36.166Z] <<< [apiv2][body] POST https://serviceusage.googleapis.com/v1/projects/safelydv300classproj/services/cloudbuild.googleapis.com:enable [omitted]
[debug] [2025-08-15T08:36:36.360Z] <<< [apiv2][status] POST https://serviceusage.googleapis.com/v1/projects/safelydv300classproj/services/artifactregistry.googleapis.com:enable 200
[debug] [2025-08-15T08:36:36.360Z] <<< [apiv2][body] POST https://serviceusage.googleapis.com/v1/projects/safelydv300classproj/services/artifactregistry.googleapis.com:enable [omitted]
[debug] [2025-08-15T08:36:46.378Z] Checked if tokens are valid: true, expires at: 1755249583824
[debug] [2025-08-15T08:36:46.379Z] Checked if tokens are valid: true, expires at: 1755249583824
[debug] [2025-08-15T08:36:46.379Z] >>> [apiv2][query] GET https://firebase.googleapis.com/v1beta1/projects/safelydv300classproj/adminSdkConfig [none]
[debug] [2025-08-15T08:36:47.318Z] <<< [apiv2][status] GET https://firebase.googleapis.com/v1beta1/projects/safelydv300classproj/adminSdkConfig 200
[debug] [2025-08-15T08:36:47.318Z] <<< [apiv2][body] GET https://firebase.googleapis.com/v1beta1/projects/safelydv300classproj/adminSdkConfig {"projectId":"safelydv300classproj","storageBucket":"safelydv300classproj.firebasestorage.app"}
[debug] [2025-08-15T08:36:47.319Z] Checked if tokens are valid: true, expires at: 1755249583824
[debug] [2025-08-15T08:36:47.319Z] Checked if tokens are valid: true, expires at: 1755249583824
[debug] [2025-08-15T08:36:47.319Z] >>> [apiv2][query] GET https://runtimeconfig.googleapis.com/v1beta1/projects/safelydv300classproj/configs [none]
[debug] [2025-08-15T08:36:48.672Z] <<< [apiv2][status] GET https://runtimeconfig.googleapis.com/v1beta1/projects/safelydv300classproj/configs 200
[debug] [2025-08-15T08:36:48.673Z] <<< [apiv2][body] GET https://runtimeconfig.googleapis.com/v1beta1/projects/safelydv300classproj/configs {"configs":[{"name":"projects/safelydv300classproj/configs/twilio"}]}
[debug] [2025-08-15T08:36:48.673Z] Checked if tokens are valid: true, expires at: 1755249583824
[debug] [2025-08-15T08:36:48.673Z] Checked if tokens are valid: true, expires at: 1755249583824
[debug] [2025-08-15T08:36:48.674Z] >>> [apiv2][query] GET https://runtimeconfig.googleapis.com/v1beta1/projects/safelydv300classproj/configs/twilio/variables [none]
[debug] [2025-08-15T08:36:49.549Z] <<< [apiv2][status] GET https://runtimeconfig.googleapis.com/v1beta1/projects/safelydv300classproj/configs/twilio/variables 200
[debug] [2025-08-15T08:36:49.549Z] <<< [apiv2][body] GET https://runtimeconfig.googleapis.com/v1beta1/projects/safelydv300classproj/configs/twilio/variables {"variables":[{"name":"projects/safelydv300classproj/configs/twilio/variables/sid","updateTime":"2025-08-15T08:19:48.653333037Z"},{"name":"projects/safelydv300classproj/configs/twilio/variables/token","updateTime":"2025-08-15T08:19:48.557720098Z"},{"name":"projects/safelydv300classproj/configs/twilio/variables/phone","updateTime":"2025-08-15T08:19:49.249365924Z"}]}
[debug] [2025-08-15T08:36:49.549Z] Checked if tokens are valid: true, expires at: 1755249583824
[debug] [2025-08-15T08:36:49.550Z] Checked if tokens are valid: true, expires at: 1755249583824
[debug] [2025-08-15T08:36:49.550Z] Checked if tokens are valid: true, expires at: 1755249583824
[debug] [2025-08-15T08:36:49.550Z] Checked if tokens are valid: true, expires at: 1755249583824
[debug] [2025-08-15T08:36:49.550Z] Checked if tokens are valid: true, expires at: 1755249583824
[debug] [2025-08-15T08:36:49.550Z] Checked if tokens are valid: true, expires at: 1755249583824
[debug] [2025-08-15T08:36:49.550Z] >>> [apiv2][query] GET https://runtimeconfig.googleapis.com/v1beta1/projects/safelydv300classproj/configs/twilio/variables/sid [none]
[debug] [2025-08-15T08:36:49.550Z] >>> [apiv2][query] GET https://runtimeconfig.googleapis.com/v1beta1/projects/safelydv300classproj/configs/twilio/variables/token [none]
[debug] [2025-08-15T08:36:49.553Z] >>> [apiv2][query] GET https://runtimeconfig.googleapis.com/v1beta1/projects/safelydv300classproj/configs/twilio/variables/phone [none]
[debug] [2025-08-15T08:36:49.917Z] <<< [apiv2][status] GET https://runtimeconfig.googleapis.com/v1beta1/projects/safelydv300classproj/configs/twilio/variables/sid 200
[debug] [2025-08-15T08:36:49.917Z] <<< [apiv2][body] GET https://runtimeconfig.googleapis.com/v1beta1/projects/safelydv300classproj/configs/twilio/variables/sid {"name":"projects/safelydv300classproj/configs/twilio/variables/sid","updateTime":"2025-08-15T08:19:48.653333037Z","text":"AC38bcdf250494984c1615c5434321ce20"}
[debug] [2025-08-15T08:36:50.266Z] <<< [apiv2][status] GET https://runtimeconfig.googleapis.com/v1beta1/projects/safelydv300classproj/configs/twilio/variables/phone 200
[debug] [2025-08-15T08:36:50.266Z] <<< [apiv2][body] GET https://runtimeconfig.googleapis.com/v1beta1/projects/safelydv300classproj/configs/twilio/variables/phone {"name":"projects/safelydv300classproj/configs/twilio/variables/phone","updateTime":"2025-08-15T08:19:49.249365924Z","text":"+17125263759"}
[debug] [2025-08-15T08:36:50.646Z] <<< [apiv2][status] GET https://runtimeconfig.googleapis.com/v1beta1/projects/safelydv300classproj/configs/twilio/variables/token 200
[debug] [2025-08-15T08:36:50.646Z] <<< [apiv2][body] GET https://runtimeconfig.googleapis.com/v1beta1/projects/safelydv300classproj/configs/twilio/variables/token {"name":"projects/safelydv300classproj/configs/twilio/variables/token","updateTime":"2025-08-15T08:19:48.557720098Z","text":"732fdc2a73d71ac2fe25e4cae3619046"}
[debug] [2025-08-15T08:36:50.649Z] Validating nodejs source
[warn] !  functions: Runtime Node.js 18 was deprecated on 2025-04-30 and will be decommissioned on 2025-10-30, after which you will not be able to deploy without upgrading. Consider upgrading now to avoid disruption. See https://cloud.google.com/functions/docs/runtime-support for full details on the lifecycle policy 
[debug] [2025-08-15T08:36:52.702Z] > [functions] package.json contents: {
  "name": "functions",
  "scripts": {
    "build": "tsc",
    "build:watch": "tsc --watch",
    "serve": "npm run build && firebase emulators:start --only functions",
    "shell": "npm run build && firebase functions:shell",
    "start": "npm run shell",
    "deploy": "firebase deploy --only functions",
    "logs": "firebase functions:log"
  },
  "engines": {
    "node": "18"
  },
  "main": "lib/index.js",
  "dependencies": {
    "firebase-admin": "^12.7.0",
    "firebase-functions": "^6.4.0",
    "twilio": "^5.8.0"
  },
  "devDependencies": {
    "@types/node": "^24.2.1",
    "@types/twilio": "^3.19.3",
    "firebase-functions-test": "^3.1.0",
    "typescript": "^5.7.3"
  },
  "private": true
}
[debug] [2025-08-15T08:36:52.703Z] Building nodejs source
[info] i  functions: Loading and analyzing source code for codebase default to determine what to deploy 
[debug] [2025-08-15T08:36:52.705Z] Could not find functions.yaml. Must use http discovery
[debug] [2025-08-15T08:36:52.721Z] Found firebase-functions binary at 'C:\Users\Kurts\OneDrive\Documents\GitHub\SafelyApp\safelyApp\functions\node_modules\.bin\firebase-functions'
[info] Serving at port 8740

[debug] [2025-08-15T08:36:54.991Z] Got response from /__/functions.yaml {"endpoints":{"sendSafetyAlert":{"availableMemoryMb":null,"timeoutSeconds":null,"minInstances":null,"maxInstances":null,"ingressSettings":null,"concurrency":null,"serviceAccountEmail":null,"vpc":null,"platform":"gcfv2","labels":{},"callableTrigger":{},"entryPoint":"sendSafetyAlert"}},"specVersion":"v1alpha1","requiredAPIs":[],"extensions":{}}
[info] i  extensions: ensuring required API firebaseextensions.googleapis.com is enabled... 
[debug] [2025-08-15T08:36:59.057Z] Checked if tokens are valid: true, expires at: 1755249583824
[debug] [2025-08-15T08:36:59.057Z] Checked if tokens are valid: true, expires at: 1755249583824
[debug] [2025-08-15T08:36:59.058Z] >>> [apiv2][query] GET https://serviceusage.googleapis.com/v1/projects/safelydv300classproj/services/firebaseextensions.googleapis.com [none]
[debug] [2025-08-15T08:36:59.058Z] >>> [apiv2][(partial)header] GET https://serviceusage.googleapis.com/v1/projects/safelydv300classproj/services/firebaseextensions.googleapis.com x-goog-quota-user=projects/safelydv300classproj
[debug] [2025-08-15T08:37:00.959Z] <<< [apiv2][status] GET https://serviceusage.googleapis.com/v1/projects/safelydv300classproj/services/firebaseextensions.googleapis.com 200
[debug] [2025-08-15T08:37:00.959Z] <<< [apiv2][body] GET https://serviceusage.googleapis.com/v1/projects/safelydv300classproj/services/firebaseextensions.googleapis.com [omitted]
[warn] !  extensions: missing required API firebaseextensions.googleapis.com. Enabling now... 
[debug] [2025-08-15T08:37:00.960Z] Checked if tokens are valid: true, expires at: 1755249583824
[debug] [2025-08-15T08:37:00.960Z] Checked if tokens are valid: true, expires at: 1755249583824
[debug] [2025-08-15T08:37:00.960Z] >>> [apiv2][query] POST https://serviceusage.googleapis.com/v1/projects/safelydv300classproj/services/firebaseextensions.googleapis.com:enable [none]
[debug] [2025-08-15T08:37:00.960Z] >>> [apiv2][(partial)header] POST https://serviceusage.googleapis.com/v1/projects/safelydv300classproj/services/firebaseextensions.googleapis.com:enable x-goog-quota-user=projects/safelydv300classproj
[debug] [2025-08-15T08:37:02.822Z] <<< [apiv2][status] POST https://serviceusage.googleapis.com/v1/projects/safelydv300classproj/services/firebaseextensions.googleapis.com:enable 200
[debug] [2025-08-15T08:37:02.822Z] <<< [apiv2][body] POST https://serviceusage.googleapis.com/v1/projects/safelydv300classproj/services/firebaseextensions.googleapis.com:enable [omitted]
[debug] [2025-08-15T08:37:12.854Z] > command requires scopes: ["email","openid","https://www.googleapis.com/auth/cloudplatformprojects.readonly","https://www.googleapis.com/auth/firebase","https://www.googleapis.com/auth/cloud-platform"]
[debug] [2025-08-15T08:37:12.855Z] > authorizing via signed-in user (231002@virtualwindow.co.za)
[debug] [2025-08-15T08:37:12.855Z] [iam] checking project safelydv300classproj for permissions ["firebase.projects.get","firebaseextensions.instances.list"]
[debug] [2025-08-15T08:37:12.855Z] Checked if tokens are valid: true, expires at: 1755249583824
[debug] [2025-08-15T08:37:12.855Z] Checked if tokens are valid: true, expires at: 1755249583824
[debug] [2025-08-15T08:37:12.855Z] >>> [apiv2][query] POST https://cloudresourcemanager.googleapis.com/v1/projects/safelydv300classproj:testIamPermissions [none]
[debug] [2025-08-15T08:37:12.856Z] >>> [apiv2][(partial)header] POST https://cloudresourcemanager.googleapis.com/v1/projects/safelydv300classproj:testIamPermissions x-goog-quota-user=projects/safelydv300classproj
[debug] [2025-08-15T08:37:12.856Z] >>> [apiv2][body] POST https://cloudresourcemanager.googleapis.com/v1/projects/safelydv300classproj:testIamPermissions {"permissions":["firebase.projects.get","firebaseextensions.instances.list"]}
[debug] [2025-08-15T08:37:14.720Z] <<< [apiv2][status] POST https://cloudresourcemanager.googleapis.com/v1/projects/safelydv300classproj:testIamPermissions 200
[debug] [2025-08-15T08:37:14.720Z] <<< [apiv2][body] POST https://cloudresourcemanager.googleapis.com/v1/projects/safelydv300classproj:testIamPermissions {"permissions":["firebase.projects.get","firebaseextensions.instances.list"]}
[debug] [2025-08-15T08:37:14.721Z] Checked if tokens are valid: true, expires at: 1755249583824
[debug] [2025-08-15T08:37:14.721Z] Checked if tokens are valid: true, expires at: 1755249583824
[debug] [2025-08-15T08:37:14.721Z] >>> [apiv2][query] GET https://firebaseextensions.googleapis.com/v1beta/projects/safelydv300classproj/instances pageSize=100&pageToken=
[debug] [2025-08-15T08:37:17.740Z] <<< [apiv2][status] GET https://firebaseextensions.googleapis.com/v1beta/projects/safelydv300classproj/instances 200
[debug] [2025-08-15T08:37:17.740Z] <<< [apiv2][body] GET https://firebaseextensions.googleapis.com/v1beta/projects/safelydv300classproj/instances {}
[info] i  functions: preparing functions directory for uploading... 
[info] i  functions: packaged C:\Users\Kurts\OneDrive\Documents\GitHub\SafelyApp\safelyApp\functions (71.68 KB) for uploading 
[debug] [2025-08-15T08:37:17.819Z] Checked if tokens are valid: true, expires at: 1755249583824
[debug] [2025-08-15T08:37:17.819Z] Checked if tokens are valid: true, expires at: 1755249583824
[debug] [2025-08-15T08:37:17.820Z] >>> [apiv2][query] GET https://cloudfunctions.googleapis.com/v1/projects/safelydv300classproj/locations/-/functions [none]
[debug] [2025-08-15T08:37:18.894Z] <<< [apiv2][status] GET https://cloudfunctions.googleapis.com/v1/projects/safelydv300classproj/locations/-/functions 200
[debug] [2025-08-15T08:37:18.895Z] <<< [apiv2][body] GET https://cloudfunctions.googleapis.com/v1/projects/safelydv300classproj/locations/-/functions {}
[debug] [2025-08-15T08:37:18.895Z] Checked if tokens are valid: true, expires at: 1755249583824
[debug] [2025-08-15T08:37:18.895Z] Checked if tokens are valid: true, expires at: 1755249583824
[debug] [2025-08-15T08:37:18.895Z] >>> [apiv2][query] GET https://cloudfunctions.googleapis.com/v2/projects/safelydv300classproj/locations/-/functions filter=environment%3D%22GEN_2%22
[debug] [2025-08-15T08:37:20.023Z] <<< [apiv2][status] GET https://cloudfunctions.googleapis.com/v2/projects/safelydv300classproj/locations/-/functions 200
[debug] [2025-08-15T08:37:20.023Z] <<< [apiv2][body] GET https://cloudfunctions.googleapis.com/v2/projects/safelydv300classproj/locations/-/functions {}
[info] i  functions: ensuring required API run.googleapis.com is enabled... 
[debug] [2025-08-15T08:37:20.027Z] Checked if tokens are valid: true, expires at: 1755249583824
[debug] [2025-08-15T08:37:20.027Z] Checked if tokens are valid: true, expires at: 1755249583824
[info] i  functions: ensuring required API eventarc.googleapis.com is enabled... 
[debug] [2025-08-15T08:37:20.028Z] Checked if tokens are valid: true, expires at: 1755249583824
[debug] [2025-08-15T08:37:20.028Z] Checked if tokens are valid: true, expires at: 1755249583824
[info] i  functions: ensuring required API pubsub.googleapis.com is enabled... 
[debug] [2025-08-15T08:37:20.029Z] Checked if tokens are valid: true, expires at: 1755249583824
[debug] [2025-08-15T08:37:20.029Z] Checked if tokens are valid: true, expires at: 1755249583824
[info] i  functions: ensuring required API storage.googleapis.com is enabled... 
[debug] [2025-08-15T08:37:20.030Z] Checked if tokens are valid: true, expires at: 1755249583824
[debug] [2025-08-15T08:37:20.030Z] Checked if tokens are valid: true, expires at: 1755249583824
[debug] [2025-08-15T08:37:20.030Z] >>> [apiv2][query] GET https://serviceusage.googleapis.com/v1/projects/130552682344/services/run.googleapis.com [none]
[debug] [2025-08-15T08:37:20.030Z] >>> [apiv2][(partial)header] GET https://serviceusage.googleapis.com/v1/projects/130552682344/services/run.googleapis.com x-goog-quota-user=projects/130552682344
[debug] [2025-08-15T08:37:20.032Z] >>> [apiv2][query] GET https://serviceusage.googleapis.com/v1/projects/130552682344/services/eventarc.googleapis.com [none]
[debug] [2025-08-15T08:37:20.032Z] >>> [apiv2][(partial)header] GET https://serviceusage.googleapis.com/v1/projects/130552682344/services/eventarc.googleapis.com x-goog-quota-user=projects/130552682344
[debug] [2025-08-15T08:37:20.034Z] >>> [apiv2][query] GET https://serviceusage.googleapis.com/v1/projects/130552682344/services/pubsub.googleapis.com [none]
[debug] [2025-08-15T08:37:20.034Z] >>> [apiv2][(partial)header] GET https://serviceusage.googleapis.com/v1/projects/130552682344/services/pubsub.googleapis.com x-goog-quota-user=projects/130552682344
[debug] [2025-08-15T08:37:20.036Z] >>> [apiv2][query] GET https://serviceusage.googleapis.com/v1/projects/130552682344/services/storage.googleapis.com [none]
[debug] [2025-08-15T08:37:20.036Z] >>> [apiv2][(partial)header] GET https://serviceusage.googleapis.com/v1/projects/130552682344/services/storage.googleapis.com x-goog-quota-user=projects/130552682344
[debug] [2025-08-15T08:37:21.850Z] <<< [apiv2][status] GET https://serviceusage.googleapis.com/v1/projects/130552682344/services/eventarc.googleapis.com 200
[debug] [2025-08-15T08:37:21.850Z] <<< [apiv2][body] GET https://serviceusage.googleapis.com/v1/projects/130552682344/services/eventarc.googleapis.com [omitted]
[warn] !  functions: missing required API eventarc.googleapis.com. Enabling now... 
[debug] [2025-08-15T08:37:21.851Z] Checked if tokens are valid: true, expires at: 1755249583824
[debug] [2025-08-15T08:37:21.851Z] Checked if tokens are valid: true, expires at: 1755249583824
[debug] [2025-08-15T08:37:21.851Z] >>> [apiv2][query] POST https://serviceusage.googleapis.com/v1/projects/130552682344/services/eventarc.googleapis.com:enable [none]
[debug] [2025-08-15T08:37:21.851Z] >>> [apiv2][(partial)header] POST https://serviceusage.googleapis.com/v1/projects/130552682344/services/eventarc.googleapis.com:enable x-goog-quota-user=projects/130552682344
[debug] [2025-08-15T08:37:21.855Z] <<< [apiv2][status] GET https://serviceusage.googleapis.com/v1/projects/130552682344/services/run.googleapis.com 200
[debug] [2025-08-15T08:37:21.855Z] <<< [apiv2][body] GET https://serviceusage.googleapis.com/v1/projects/130552682344/services/run.googleapis.com [omitted]
[warn] !  functions: missing required API run.googleapis.com. Enabling now... 
[debug] [2025-08-15T08:37:21.855Z] Checked if tokens are valid: true, expires at: 1755249583824
[debug] [2025-08-15T08:37:21.855Z] Checked if tokens are valid: true, expires at: 1755249583824
[debug] [2025-08-15T08:37:21.855Z] >>> [apiv2][query] POST https://serviceusage.googleapis.com/v1/projects/130552682344/services/run.googleapis.com:enable [none]
[debug] [2025-08-15T08:37:21.856Z] >>> [apiv2][(partial)header] POST https://serviceusage.googleapis.com/v1/projects/130552682344/services/run.googleapis.com:enable x-goog-quota-user=projects/130552682344
[debug] [2025-08-15T08:37:21.857Z] <<< [apiv2][status] GET https://serviceusage.googleapis.com/v1/projects/130552682344/services/pubsub.googleapis.com 200
[debug] [2025-08-15T08:37:21.857Z] <<< [apiv2][body] GET https://serviceusage.googleapis.com/v1/projects/130552682344/services/pubsub.googleapis.com [omitted]
[info] +  functions: required API pubsub.googleapis.com is enabled 
[debug] [2025-08-15T08:37:21.869Z] <<< [apiv2][status] GET https://serviceusage.googleapis.com/v1/projects/130552682344/services/storage.googleapis.com 200
[debug] [2025-08-15T08:37:21.869Z] <<< [apiv2][body] GET https://serviceusage.googleapis.com/v1/projects/130552682344/services/storage.googleapis.com [omitted]
[info] +  functions: required API storage.googleapis.com is enabled 
[debug] [2025-08-15T08:37:23.807Z] <<< [apiv2][status] POST https://serviceusage.googleapis.com/v1/projects/130552682344/services/eventarc.googleapis.com:enable 200
[debug] [2025-08-15T08:37:23.807Z] <<< [apiv2][body] POST https://serviceusage.googleapis.com/v1/projects/130552682344/services/eventarc.googleapis.com:enable [omitted]
[debug] [2025-08-15T08:37:24.072Z] <<< [apiv2][status] POST https://serviceusage.googleapis.com/v1/projects/130552682344/services/run.googleapis.com:enable 200
[debug] [2025-08-15T08:37:24.072Z] <<< [apiv2][body] POST https://serviceusage.googleapis.com/v1/projects/130552682344/services/run.googleapis.com:enable [omitted]
[info] i  functions: generating the service identity for pubsub.googleapis.com... 
[debug] [2025-08-15T08:37:34.085Z] Checked if tokens are valid: true, expires at: 1755249583824
[debug] [2025-08-15T08:37:34.086Z] Checked if tokens are valid: true, expires at: 1755249583824
[info] i  functions: generating the service identity for eventarc.googleapis.com... 
[debug] [2025-08-15T08:37:34.086Z] Checked if tokens are valid: true, expires at: 1755249583824
[debug] [2025-08-15T08:37:34.086Z] Checked if tokens are valid: true, expires at: 1755249583824
[debug] [2025-08-15T08:37:34.086Z] >>> [apiv2][query] POST https://serviceusage.googleapis.com/v1beta1/projects/130552682344/services/pubsub.googleapis.com:generateServiceIdentity [none]
[debug] [2025-08-15T08:37:34.086Z] >>> [apiv2][(partial)header] POST https://serviceusage.googleapis.com/v1beta1/projects/130552682344/services/pubsub.googleapis.com:generateServiceIdentity x-goog-quota-user=projects/130552682344
[debug] [2025-08-15T08:37:34.086Z] >>> [apiv2][body] POST https://serviceusage.googleapis.com/v1beta1/projects/130552682344/services/pubsub.googleapis.com:generateServiceIdentity {}
[debug] [2025-08-15T08:37:34.089Z] >>> [apiv2][query] POST https://serviceusage.googleapis.com/v1beta1/projects/130552682344/services/eventarc.googleapis.com:generateServiceIdentity [none]
[debug] [2025-08-15T08:37:34.089Z] >>> [apiv2][(partial)header] POST https://serviceusage.googleapis.com/v1beta1/projects/130552682344/services/eventarc.googleapis.com:generateServiceIdentity x-goog-quota-user=projects/130552682344
[debug] [2025-08-15T08:37:34.089Z] >>> [apiv2][body] POST https://serviceusage.googleapis.com/v1beta1/projects/130552682344/services/eventarc.googleapis.com:generateServiceIdentity {}
[debug] [2025-08-15T08:37:36.139Z] <<< [apiv2][status] POST https://serviceusage.googleapis.com/v1beta1/projects/130552682344/services/eventarc.googleapis.com:generateServiceIdentity 200
[debug] [2025-08-15T08:37:36.140Z] <<< [apiv2][body] POST https://serviceusage.googleapis.com/v1beta1/projects/130552682344/services/eventarc.googleapis.com:generateServiceIdentity {"name":"operations/finished.DONE_OPERATION","done":true,"response":{"@type":"type.googleapis.com/google.api.serviceusage.v1beta1.ServiceIdentity","email":"service-130552682344@gcp-sa-eventarc.iam.gserviceaccount.com","uniqueId":"104055372893774142735"}}
[debug] [2025-08-15T08:37:36.229Z] <<< [apiv2][status] POST https://serviceusage.googleapis.com/v1beta1/projects/130552682344/services/pubsub.googleapis.com:generateServiceIdentity 200
[debug] [2025-08-15T08:37:36.229Z] <<< [apiv2][body] POST https://serviceusage.googleapis.com/v1beta1/projects/130552682344/services/pubsub.googleapis.com:generateServiceIdentity {"name":"operations/finished.DONE_OPERATION","done":true,"response":{"@type":"type.googleapis.com/google.api.serviceusage.v1beta1.ServiceIdentity","email":"service-130552682344@gcp-sa-pubsub.iam.gserviceaccount.com","uniqueId":"111320861835567362679"}}
[debug] [2025-08-15T08:37:36.232Z] Checked if tokens are valid: true, expires at: 1755249583824
[debug] [2025-08-15T08:37:36.233Z] Checked if tokens are valid: true, expires at: 1755249583824
[debug] [2025-08-15T08:37:36.233Z] >>> [apiv2][query] GET https://cloudresourcemanager.googleapis.com/v1/projects/safelydv300classproj [none]
[debug] [2025-08-15T08:37:37.904Z] <<< [apiv2][status] GET https://cloudresourcemanager.googleapis.com/v1/projects/safelydv300classproj 200
[debug] [2025-08-15T08:37:37.904Z] <<< [apiv2][body] GET https://cloudresourcemanager.googleapis.com/v1/projects/safelydv300classproj {"projectNumber":"130552682344","projectId":"safelydv300classproj","lifecycleState":"ACTIVE","name":"SafelyDV300ClassProj","labels":{"firebase":"enabled","firebase-core":"disabled"},"createTime":"2025-07-23T12:41:51.344134Z","parent":{"type":"organization","id":"302473745500"}}
[debug] [2025-08-15T08:37:37.904Z] Checked if tokens are valid: true, expires at: 1755249583824
[debug] [2025-08-15T08:37:37.904Z] Checked if tokens are valid: true, expires at: 1755249583824
[debug] [2025-08-15T08:37:37.904Z] >>> [apiv2][query] GET https://compute.googleapis.com/compute/v1/projects/130552682344 [none]
[debug] [2025-08-15T08:37:39.470Z] <<< [apiv2][status] GET https://compute.googleapis.com/compute/v1/projects/130552682344 403
[debug] [2025-08-15T08:37:39.470Z] <<< [apiv2][body] GET https://compute.googleapis.com/compute/v1/projects/130552682344 {"error":{"code":403,"message":"Compute Engine API has not been used in project 130552682344 before or it is disabled. Enable it by visiting https://console.developers.google.com/apis/api/compute.googleapis.com/overview?project=130552682344 then retry. If you enabled this API recently, wait a few minutes for the action to propagate to our systems and retry.","errors":[{"message":"Compute Engine API has not been used in project 130552682344 before or it is disabled. Enable it by visiting https://console.developers.google.com/apis/api/compute.googleapis.com/overview?project=130552682344 then retry. If you enabled this API recently, wait a few minutes for the action to propagate to our systems and retry.","domain":"usageLimits","reason":"accessNotConfigured","extendedHelp":"https://console.developers.google.com"}],"status":"PERMISSION_DENIED","details":[{"@type":"type.googleapis.com/google.rpc.ErrorInfo","reason":"SERVICE_DISABLED","domain":"googleapis.com","metadata":{"consumer":"projects/130552682344","containerInfo":"130552682344","service":"compute.googleapis.com","activationUrl":"https://console.developers.google.com/apis/api/compute.googleapis.com/overview?project=130552682344","serviceTitle":"Compute Engine API"}},{"@type":"type.googleapis.com/google.rpc.LocalizedMessage","locale":"en-US","message":"Compute Engine API has not been used in project 130552682344 before or it is disabled. Enable it by visiting https://console.developers.google.com/apis/api/compute.googleapis.com/overview?project=130552682344 then retry. If you enabled this API recently, wait a few minutes for the action to propagate to our systems and retry."},{"@type":"type.googleapis.com/google.rpc.Help","links":[{"description":"Google developers console API activation","url":"https://console.developers.google.com/apis/api/compute.googleapis.com/overview?project=130552682344"}]}]}}
[debug] [2025-08-15T08:37:39.471Z] unable to look up default compute service account. Falling back to 130552682344-compute@developer.gserviceaccount.com. Error: {"name":"FirebaseError","children":[],"context":{"body":{"error":{"code":403,"message":"Compute Engine API has not been used in project 130552682344 before or it is disabled. Enable it by visiting https://console.developers.google.com/apis/api/compute.googleapis.com/overview?project=130552682344 then retry. If you enabled this API recently, wait a few minutes for the action to propagate to our systems and retry.","errors":[{"message":"Compute Engine API has not been used in project 130552682344 before or it is disabled. Enable it by visiting https://console.developers.google.com/apis/api/compute.googleapis.com/overview?project=130552682344 then retry. If you enabled this API recently, wait a few minutes for the action to propagate to our systems and retry.","domain":"usageLimits","reason":"accessNotConfigured","extendedHelp":"https://console.developers.google.com"}],"status":"PERMISSION_DENIED","details":[{"@type":"type.googleapis.com/google.rpc.ErrorInfo","reason":"SERVICE_DISABLED","domain":"googleapis.com","metadata":{"consumer":"projects/130552682344","containerInfo":"130552682344","service":"compute.googleapis.com","activationUrl":"https://console.developers.google.com/apis/api/compute.googleapis.com/overview?project=130552682344","serviceTitle":"Compute Engine API"}},{"@type":"type.googleapis.com/google.rpc.LocalizedMessage","locale":"en-US","message":"Compute Engine API has not been used in project 130552682344 before or it is disabled. Enable it by visiting https://console.developers.google.com/apis/api/compute.googleapis.com/overview?project=130552682344 then retry. If you enabled this API recently, wait a few minutes for the action to propagate to our systems and retry."},{"@type":"type.googleapis.com/google.rpc.Help","links":[{"description":"Google developers console API activation","url":"https://console.developers.google.com/apis/api/compute.googleapis.com/overview?project=130552682344"}]}]}},"response":{"statusCode":403}},"exit":1,"message":"Request to https://compute.googleapis.com/compute/v1/projects/130552682344 had HTTP Error: 403, Compute Engine API has not been used in project 130552682344 before or it is disabled. Enable it by visiting https://console.developers.google.com/apis/api/compute.googleapis.com/overview?project=130552682344 then retry. If you enabled this API recently, wait a few minutes for the action to propagate to our systems and retry.","status":403}
[debug] [2025-08-15T08:37:39.472Z] Checked if tokens are valid: true, expires at: 1755249583824
[debug] [2025-08-15T08:37:39.472Z] Checked if tokens are valid: true, expires at: 1755249583824
[debug] [2025-08-15T08:37:39.473Z] >>> [apiv2][query] GET https://cloudbilling.googleapis.com/v1/projects/safelydv300classproj/billingInfo [none]
[debug] [2025-08-15T08:37:40.699Z] <<< [apiv2][status] GET https://cloudbilling.googleapis.com/v1/projects/safelydv300classproj/billingInfo 200
[debug] [2025-08-15T08:37:40.699Z] <<< [apiv2][body] GET https://cloudbilling.googleapis.com/v1/projects/safelydv300classproj/billingInfo {"name":"projects/safelydv300classproj/billingInfo","projectId":"safelydv300classproj","billingAccountName":"billingAccounts/01E9CC-CBD959-768D9C","billingEnabled":true}
[debug] [2025-08-15T08:37:40.701Z] Checked if tokens are valid: true, expires at: 1755249583824
[debug] [2025-08-15T08:37:40.701Z] Checked if tokens are valid: true, expires at: 1755249583824
[debug] [2025-08-15T08:37:40.701Z] >>> [apiv2][query] POST https://cloudfunctions.googleapis.com/v2/projects/safelydv300classproj/locations/us-central1/functions:generateUploadUrl [none]
[debug] [2025-08-15T08:37:42.991Z] <<< [apiv2][status] POST https://cloudfunctions.googleapis.com/v2/projects/safelydv300classproj/locations/us-central1/functions:generateUploadUrl 200
[debug] [2025-08-15T08:37:42.991Z] <<< [apiv2][body] POST https://cloudfunctions.googleapis.com/v2/projects/safelydv300classproj/locations/us-central1/functions:generateUploadUrl {"uploadUrl":"https://storage.googleapis.com/gcf-v2-uploads-130552682344.us-central1.cloudfunctions.appspot.com/6b1513e4-3338-4226-9c5c-433d79fe2472.zip?GoogleAccessId=service-130552682344@gcf-admin-robot.iam.gserviceaccount.com&Expires=1755248862&Signature=UI5xiSd4DXR%2BASkRHuTZI7sq9CywNC2zqr7aZ5zg4kDdmEEl5XL%2Fc75R6gQ8wTmv%2ByWbxamHWJXn6QtZZW9pFz3xMSqymkSQzsqmXK9S9hPBKM63Zu3Plnvy6DxFBhXoTr9paf8JGIC%2BRecRK0lDKZQHBCgMS0ov5wmH%2BHJblgW95oif5yXcP7t%2Fmg9hBAIHY1tv%2FTMA8GrPAd7Z%2BC8cN3DhbzdyDAQtXJMkAcv7taiJ45qhR%2FlyNSsiuvstfDedMWu%2BgjL34wozEoDiWX4RmHmv%2FsgbCHdQaEge63Cqvml6KZtZfmChrCEFN4zzxs9d%2FyKQOn3vSKpacl3EHCu4nA%3D%3D","storageSource":{"bucket":"gcf-v2-uploads-130552682344.us-central1.cloudfunctions.appspot.com","object":"6b1513e4-3338-4226-9c5c-433d79fe2472.zip"}}
[debug] [2025-08-15T08:37:42.992Z] >>> [apiv2][query] PUT https://storage.googleapis.com/gcf-v2-uploads-130552682344.us-central1.cloudfunctions.appspot.com/6b1513e4-3338-4226-9c5c-433d79fe2472.zip GoogleAccessId=service-130552682344%40gcf-admin-robot.iam.gserviceaccount.com&Expires=1755248862&Signature=UI5xiSd4DXR%2BASkRHuTZI7sq9CywNC2zqr7aZ5zg4kDdmEEl5XL%2Fc75R6gQ8wTmv%2ByWbxamHWJXn6QtZZW9pFz3xMSqymkSQzsqmXK9S9hPBKM63Zu3Plnvy6DxFBhXoTr9paf8JGIC%2BRecRK0lDKZQHBCgMS0ov5wmH%2BHJblgW95oif5yXcP7t%2Fmg9hBAIHY1tv%2FTMA8GrPAd7Z%2BC8cN3DhbzdyDAQtXJMkAcv7taiJ45qhR%2FlyNSsiuvstfDedMWu%2BgjL34wozEoDiWX4RmHmv%2FsgbCHdQaEge63Cqvml6KZtZfmChrCEFN4zzxs9d%2FyKQOn3vSKpacl3EHCu4nA%3D%3D
[debug] [2025-08-15T08:37:42.992Z] >>> [apiv2][body] PUT https://storage.googleapis.com/gcf-v2-uploads-130552682344.us-central1.cloudfunctions.appspot.com/6b1513e4-3338-4226-9c5c-433d79fe2472.zip [stream]
[debug] [2025-08-15T08:37:45.268Z] <<< [apiv2][status] PUT https://storage.googleapis.com/gcf-v2-uploads-130552682344.us-central1.cloudfunctions.appspot.com/6b1513e4-3338-4226-9c5c-433d79fe2472.zip 200
[debug] [2025-08-15T08:37:45.268Z] <<< [apiv2][body] PUT https://storage.googleapis.com/gcf-v2-uploads-130552682344.us-central1.cloudfunctions.appspot.com/6b1513e4-3338-4226-9c5c-433d79fe2472.zip [omitted]
[info] +  functions: functions folder uploaded successfully 
[info] i  functions: creating Node.js 18 (2nd Gen) function sendSafetyAlert(us-central1)... 
[debug] [2025-08-15T08:37:45.275Z] Checked if tokens are valid: true, expires at: 1755249583824
[debug] [2025-08-15T08:37:45.275Z] Checked if tokens are valid: true, expires at: 1755249583824
[debug] [2025-08-15T08:37:45.275Z] >>> [apiv2][query] POST https://cloudfunctions.googleapis.com/v2/projects/safelydv300classproj/locations/us-central1/functions functionId=sendSafetyAlert
[debug] [2025-08-15T08:37:45.275Z] >>> [apiv2][body] POST https://cloudfunctions.googleapis.com/v2/projects/safelydv300classproj/locations/us-central1/functions {"name":"projects/safelydv300classproj/locations/us-central1/functions/sendSafetyAlert","buildConfig":{"runtime":"nodejs18","entryPoint":"sendSafetyAlert","source":{"storageSource":{"bucket":"gcf-v2-uploads-130552682344.us-central1.cloudfunctions.appspot.com","object":"6b1513e4-3338-4226-9c5c-433d79fe2472.zip"}},"environmentVariables":{"GOOGLE_NODE_RUN_SCRIPTS":""}},"serviceConfig":{"environmentVariables":{"FIREBASE_CONFIG":"{\"projectId\":\"safelydv300classproj\",\"storageBucket\":\"safelydv300classproj.firebasestorage.app\"}","GCLOUD_PROJECT":"safelydv300classproj","EVENTARC_CLOUD_EVENT_SOURCE":"projects/safelydv300classproj/locations/us-central1/services/sendSafetyAlert","FUNCTION_TARGET":"sendSafetyAlert","LOG_EXECUTION_ID":"true"},"ingressSettings":null,"timeoutSeconds":null,"serviceAccountEmail":null,"availableMemory":"256Mi","minInstanceCount":null,"maxInstanceCount":null,"maxInstanceRequestConcurrency":80,"availableCpu":"1","vpcConnector":null,"vpcConnectorEgressSettings":null},"labels":{"deployment-tool":"cli-firebase","deployment-callable":"true","firebase-functions-hash":"74dd154902d663fad59100a9de06d26edc029cd6"}}
[debug] [2025-08-15T08:37:47.283Z] <<< [apiv2][status] POST https://cloudfunctions.googleapis.com/v2/projects/safelydv300classproj/locations/us-central1/functions 200
[debug] [2025-08-15T08:37:47.284Z] <<< [apiv2][body] POST https://cloudfunctions.googleapis.com/v2/projects/safelydv300classproj/locations/us-central1/functions {"name":"projects/safelydv300classproj/locations/us-central1/operations/operation-1755247065612-63c634dd6c1f0-d0cc16e6-6d133012","metadata":{"@type":"type.googleapis.com/google.cloud.functions.v2.OperationMetadata","createTime":"2025-08-15T08:37:46.724540016Z","target":"projects/safelydv300classproj/locations/us-central1/functions/sendSafetyAlert","verb":"create","cancelRequested":false,"apiVersion":"v2"},"done":false}
[debug] [2025-08-15T08:37:47.285Z] Checked if tokens are valid: true, expires at: 1755249583824
[debug] [2025-08-15T08:37:47.285Z] Checked if tokens are valid: true, expires at: 1755249583824
[debug] [2025-08-15T08:37:47.285Z] >>> [apiv2][query] GET https://cloudfunctions.googleapis.com/v2/projects/safelydv300classproj/locations/us-central1/operations/operation-1755247065612-63c634dd6c1f0-d0cc16e6-6d133012 [none]
[debug] [2025-08-15T08:37:48.134Z] <<< [apiv2][status] GET https://cloudfunctions.googleapis.com/v2/projects/safelydv300classproj/locations/us-central1/operations/operation-1755247065612-63c634dd6c1f0-d0cc16e6-6d133012 200
[debug] [2025-08-15T08:37:48.134Z] <<< [apiv2][body] GET https://cloudfunctions.googleapis.com/v2/projects/safelydv300classproj/locations/us-central1/operations/operation-1755247065612-63c634dd6c1f0-d0cc16e6-6d133012 {"name":"projects/safelydv300classproj/locations/us-central1/operations/operation-1755247065612-63c634dd6c1f0-d0cc16e6-6d133012","metadata":{"@type":"type.googleapis.com/google.cloud.functions.v2.OperationMetadata","createTime":"2025-08-15T08:37:46.724540016Z","target":"projects/safelydv300classproj/locations/us-central1/functions/sendSafetyAlert","verb":"create","cancelRequested":false,"apiVersion":"v2","requestResource":{"@type":"type.googleapis.com/google.cloud.functions.v2.Function","name":"projects/safelydv300classproj/locations/us-central1/functions/sendSafetyAlert","buildConfig":{"runtime":"nodejs18","entryPoint":"sendSafetyAlert","source":{"storageSource":{"bucket":"gcf-v2-sources-130552682344-us-central1","object":"sendSafetyAlert/function-source.zip","generation":"1755247066401679"}},"environmentVariables":{"GOOGLE_NODE_RUN_SCRIPTS":""},"serviceAccount":"projects/safelydv300classproj/serviceAccounts/130552682344-compute@developer.gserviceaccount.com","automaticUpdatePolicy":{}},"serviceConfig":{"service":"projects/safelydv300classproj/locations/us-central1/services/sendsafetyalert","timeoutSeconds":60,"environmentVariables":{"FIREBASE_CONFIG":"{\"projectId\":\"safelydv300classproj\",\"storageBucket\":\"safelydv300classproj.firebasestorage.app\"}","GCLOUD_PROJECT":"safelydv300classproj","EVENTARC_CLOUD_EVENT_SOURCE":"projects/safelydv300classproj/locations/us-central1/services/sendSafetyAlert","FUNCTION_TARGET":"sendSafetyAlert","LOG_EXECUTION_ID":"true"},"ingressSettings":"ALLOW_ALL","serviceAccountEmail":"130552682344-compute@developer.gserviceaccount.com","availableMemory":"256Mi","maxInstanceRequestConcurrency":80,"availableCpu":"1"},"labels":{"deployment-tool":"cli-firebase","deployment-callable":"true","firebase-functions-hash":"74dd154902d663fad59100a9de06d26edc029cd6"},"environment":"GEN_2"},"stages":[{"name":"BUILD","state":"NOT_STARTED","stateMessages":[{"severity":"WARNING","type":"BuildAnalysisWarning","message":"Node.js 18 is no longer supported by the Node.js community as of 30 April, 2025. Node.js 18 will be decommissioned on 2025-10-30. As of 2025-10-30 you will no longer be able to deploy your Cloud Functions using nodejs18. We recommend you to upgrade to the latest version of Node.js as soon as possible."}]},{"name":"SERVICE","state":"NOT_STARTED"}],"operationType":"CREATE_FUNCTION"},"done":false}
[debug] [2025-08-15T08:37:48.636Z] [create-default-us-central1-sendSafetyAlert] Retrying task index 0
[debug] [2025-08-15T08:37:48.637Z] Checked if tokens are valid: true, expires at: 1755249583824
[debug] [2025-08-15T08:37:48.637Z] Checked if tokens are valid: true, expires at: 1755249583824
[debug] [2025-08-15T08:37:48.637Z] >>> [apiv2][query] GET https://cloudfunctions.googleapis.com/v2/projects/safelydv300classproj/locations/us-central1/operations/operation-1755247065612-63c634dd6c1f0-d0cc16e6-6d133012 [none]
[debug] [2025-08-15T08:37:49.483Z] <<< [apiv2][status] GET https://cloudfunctions.googleapis.com/v2/projects/safelydv300classproj/locations/us-central1/operations/operation-1755247065612-63c634dd6c1f0-d0cc16e6-6d133012 200
[debug] [2025-08-15T08:37:49.483Z] <<< [apiv2][body] GET https://cloudfunctions.googleapis.com/v2/projects/safelydv300classproj/locations/us-central1/operations/operation-1755247065612-63c634dd6c1f0-d0cc16e6-6d133012 {"name":"projects/safelydv300classproj/locations/us-central1/operations/operation-1755247065612-63c634dd6c1f0-d0cc16e6-6d133012","metadata":{"@type":"type.googleapis.com/google.cloud.functions.v2.OperationMetadata","createTime":"2025-08-15T08:37:46.724540016Z","target":"projects/safelydv300classproj/locations/us-central1/functions/sendSafetyAlert","verb":"create","cancelRequested":false,"apiVersion":"v2","requestResource":{"@type":"type.googleapis.com/google.cloud.functions.v2.Function","name":"projects/safelydv300classproj/locations/us-central1/functions/sendSafetyAlert","buildConfig":{"runtime":"nodejs18","entryPoint":"sendSafetyAlert","source":{"storageSource":{"bucket":"gcf-v2-sources-130552682344-us-central1","object":"sendSafetyAlert/function-source.zip","generation":"1755247066401679"}},"environmentVariables":{"GOOGLE_NODE_RUN_SCRIPTS":""},"serviceAccount":"projects/safelydv300classproj/serviceAccounts/130552682344-compute@developer.gserviceaccount.com","automaticUpdatePolicy":{}},"serviceConfig":{"service":"projects/safelydv300classproj/locations/us-central1/services/sendsafetyalert","timeoutSeconds":60,"environmentVariables":{"FIREBASE_CONFIG":"{\"projectId\":\"safelydv300classproj\",\"storageBucket\":\"safelydv300classproj.firebasestorage.app\"}","GCLOUD_PROJECT":"safelydv300classproj","EVENTARC_CLOUD_EVENT_SOURCE":"projects/safelydv300classproj/locations/us-central1/services/sendSafetyAlert","FUNCTION_TARGET":"sendSafetyAlert","LOG_EXECUTION_ID":"true"},"ingressSettings":"ALLOW_ALL","serviceAccountEmail":"130552682344-compute@developer.gserviceaccount.com","availableMemory":"256Mi","maxInstanceRequestConcurrency":80,"availableCpu":"1"},"labels":{"deployment-tool":"cli-firebase","deployment-callable":"true","firebase-functions-hash":"74dd154902d663fad59100a9de06d26edc029cd6"},"environment":"GEN_2"},"stages":[{"name":"BUILD","state":"NOT_STARTED","stateMessages":[{"severity":"WARNING","type":"BuildAnalysisWarning","message":"Node.js 18 is no longer supported by the Node.js community as of 30 April, 2025. Node.js 18 will be decommissioned on 2025-10-30. As of 2025-10-30 you will no longer be able to deploy your Cloud Functions using nodejs18. We recommend you to upgrade to the latest version of Node.js as soon as possible."}]},{"name":"SERVICE","state":"NOT_STARTED"}],"operationType":"CREATE_FUNCTION"},"done":false}
[debug] [2025-08-15T08:37:50.489Z] [create-default-us-central1-sendSafetyAlert] Retrying task index 0
[debug] [2025-08-15T08:37:50.490Z] Checked if tokens are valid: true, expires at: 1755249583824
[debug] [2025-08-15T08:37:50.490Z] Checked if tokens are valid: true, expires at: 1755249583824
[debug] [2025-08-15T08:37:50.490Z] >>> [apiv2][query] GET https://cloudfunctions.googleapis.com/v2/projects/safelydv300classproj/locations/us-central1/operations/operation-1755247065612-63c634dd6c1f0-d0cc16e6-6d133012 [none]
[debug] [2025-08-15T08:37:51.339Z] <<< [apiv2][status] GET https://cloudfunctions.googleapis.com/v2/projects/safelydv300classproj/locations/us-central1/operations/operation-1755247065612-63c634dd6c1f0-d0cc16e6-6d133012 200
[debug] [2025-08-15T08:37:51.339Z] <<< [apiv2][body] GET https://cloudfunctions.googleapis.com/v2/projects/safelydv300classproj/locations/us-central1/operations/operation-1755247065612-63c634dd6c1f0-d0cc16e6-6d133012 {"name":"projects/safelydv300classproj/locations/us-central1/operations/operation-1755247065612-63c634dd6c1f0-d0cc16e6-6d133012","metadata":{"@type":"type.googleapis.com/google.cloud.functions.v2.OperationMetadata","createTime":"2025-08-15T08:37:46.724540016Z","target":"projects/safelydv300classproj/locations/us-central1/functions/sendSafetyAlert","verb":"create","cancelRequested":false,"apiVersion":"v2","requestResource":{"@type":"type.googleapis.com/google.cloud.functions.v2.Function","name":"projects/safelydv300classproj/locations/us-central1/functions/sendSafetyAlert","buildConfig":{"runtime":"nodejs18","entryPoint":"sendSafetyAlert","source":{"storageSource":{"bucket":"gcf-v2-sources-130552682344-us-central1","object":"sendSafetyAlert/function-source.zip","generation":"1755247066401679"}},"environmentVariables":{"GOOGLE_NODE_RUN_SCRIPTS":""},"serviceAccount":"projects/safelydv300classproj/serviceAccounts/130552682344-compute@developer.gserviceaccount.com","automaticUpdatePolicy":{}},"serviceConfig":{"service":"projects/safelydv300classproj/locations/us-central1/services/sendsafetyalert","timeoutSeconds":60,"environmentVariables":{"FIREBASE_CONFIG":"{\"projectId\":\"safelydv300classproj\",\"storageBucket\":\"safelydv300classproj.firebasestorage.app\"}","GCLOUD_PROJECT":"safelydv300classproj","EVENTARC_CLOUD_EVENT_SOURCE":"projects/safelydv300classproj/locations/us-central1/services/sendSafetyAlert","FUNCTION_TARGET":"sendSafetyAlert","LOG_EXECUTION_ID":"true"},"ingressSettings":"ALLOW_ALL","serviceAccountEmail":"130552682344-compute@developer.gserviceaccount.com","availableMemory":"256Mi","maxInstanceRequestConcurrency":80,"availableCpu":"1"},"labels":{"deployment-tool":"cli-firebase","deployment-callable":"true","firebase-functions-hash":"74dd154902d663fad59100a9de06d26edc029cd6"},"environment":"GEN_2"},"stages":[{"name":"BUILD","state":"NOT_STARTED","stateMessages":[{"severity":"WARNING","type":"BuildAnalysisWarning","message":"Node.js 18 is no longer supported by the Node.js community as of 30 April, 2025. Node.js 18 will be decommissioned on 2025-10-30. As of 2025-10-30 you will no longer be able to deploy your Cloud Functions using nodejs18. We recommend you to upgrade to the latest version of Node.js as soon as possible."}]},{"name":"SERVICE","state":"NOT_STARTED"}],"operationType":"CREATE_FUNCTION"},"done":false}
[debug] [2025-08-15T08:37:53.340Z] [create-default-us-central1-sendSafetyAlert] Retrying task index 0
[debug] [2025-08-15T08:37:53.341Z] Checked if tokens are valid: true, expires at: 1755249583824
[debug] [2025-08-15T08:37:53.341Z] Checked if tokens are valid: true, expires at: 1755249583824
[debug] [2025-08-15T08:37:53.341Z] >>> [apiv2][query] GET https://cloudfunctions.googleapis.com/v2/projects/safelydv300classproj/locations/us-central1/operations/operation-1755247065612-63c634dd6c1f0-d0cc16e6-6d133012 [none]
[debug] [2025-08-15T08:37:54.188Z] <<< [apiv2][status] GET https://cloudfunctions.googleapis.com/v2/projects/safelydv300classproj/locations/us-central1/operations/operation-1755247065612-63c634dd6c1f0-d0cc16e6-6d133012 200
[debug] [2025-08-15T08:37:54.188Z] <<< [apiv2][body] GET https://cloudfunctions.googleapis.com/v2/projects/safelydv300classproj/locations/us-central1/operations/operation-1755247065612-63c634dd6c1f0-d0cc16e6-6d133012 {"name":"projects/safelydv300classproj/locations/us-central1/operations/operation-1755247065612-63c634dd6c1f0-d0cc16e6-6d133012","metadata":{"@type":"type.googleapis.com/google.cloud.functions.v2.OperationMetadata","createTime":"2025-08-15T08:37:46.724540016Z","target":"projects/safelydv300classproj/locations/us-central1/functions/sendSafetyAlert","verb":"create","cancelRequested":false,"apiVersion":"v2","requestResource":{"@type":"type.googleapis.com/google.cloud.functions.v2.Function","name":"projects/safelydv300classproj/locations/us-central1/functions/sendSafetyAlert","buildConfig":{"runtime":"nodejs18","entryPoint":"sendSafetyAlert","source":{"storageSource":{"bucket":"gcf-v2-sources-130552682344-us-central1","object":"sendSafetyAlert/function-source.zip","generation":"1755247066401679"}},"environmentVariables":{"GOOGLE_NODE_RUN_SCRIPTS":""},"serviceAccount":"projects/safelydv300classproj/serviceAccounts/130552682344-compute@developer.gserviceaccount.com","automaticUpdatePolicy":{}},"serviceConfig":{"service":"projects/safelydv300classproj/locations/us-central1/services/sendsafetyalert","timeoutSeconds":60,"environmentVariables":{"FIREBASE_CONFIG":"{\"projectId\":\"safelydv300classproj\",\"storageBucket\":\"safelydv300classproj.firebasestorage.app\"}","GCLOUD_PROJECT":"safelydv300classproj","EVENTARC_CLOUD_EVENT_SOURCE":"projects/safelydv300classproj/locations/us-central1/services/sendSafetyAlert","FUNCTION_TARGET":"sendSafetyAlert","LOG_EXECUTION_ID":"true"},"ingressSettings":"ALLOW_ALL","serviceAccountEmail":"130552682344-compute@developer.gserviceaccount.com","availableMemory":"256Mi","maxInstanceRequestConcurrency":80,"availableCpu":"1"},"labels":{"deployment-tool":"cli-firebase","deployment-callable":"true","firebase-functions-hash":"74dd154902d663fad59100a9de06d26edc029cd6"},"environment":"GEN_2"},"stages":[{"name":"BUILD","state":"NOT_STARTED","stateMessages":[{"severity":"WARNING","type":"BuildAnalysisWarning","message":"Node.js 18 is no longer supported by the Node.js community as of 30 April, 2025. Node.js 18 will be decommissioned on 2025-10-30. As of 2025-10-30 you will no longer be able to deploy your Cloud Functions using nodejs18. We recommend you to upgrade to the latest version of Node.js as soon as possible."}]},{"name":"SERVICE","state":"NOT_STARTED"}],"operationType":"CREATE_FUNCTION"},"done":false}
[debug] [2025-08-15T08:37:58.203Z] [create-default-us-central1-sendSafetyAlert] Retrying task index 0
[debug] [2025-08-15T08:37:58.205Z] Checked if tokens are valid: true, expires at: 1755249583824
[debug] [2025-08-15T08:37:58.205Z] Checked if tokens are valid: true, expires at: 1755249583824
[debug] [2025-08-15T08:37:58.205Z] >>> [apiv2][query] GET https://cloudfunctions.googleapis.com/v2/projects/safelydv300classproj/locations/us-central1/operations/operation-1755247065612-63c634dd6c1f0-d0cc16e6-6d133012 [none]
[debug] [2025-08-15T08:37:59.066Z] <<< [apiv2][status] GET https://cloudfunctions.googleapis.com/v2/projects/safelydv300classproj/locations/us-central1/operations/operation-1755247065612-63c634dd6c1f0-d0cc16e6-6d133012 200
[debug] [2025-08-15T08:37:59.066Z] <<< [apiv2][body] GET https://cloudfunctions.googleapis.com/v2/projects/safelydv300classproj/locations/us-central1/operations/operation-1755247065612-63c634dd6c1f0-d0cc16e6-6d133012 {"name":"projects/safelydv300classproj/locations/us-central1/operations/operation-1755247065612-63c634dd6c1f0-d0cc16e6-6d133012","metadata":{"@type":"type.googleapis.com/google.cloud.functions.v2.OperationMetadata","createTime":"2025-08-15T08:37:46.724540016Z","target":"projects/safelydv300classproj/locations/us-central1/functions/sendSafetyAlert","verb":"create","cancelRequested":false,"apiVersion":"v2","requestResource":{"@type":"type.googleapis.com/google.cloud.functions.v2.Function","name":"projects/safelydv300classproj/locations/us-central1/functions/sendSafetyAlert","buildConfig":{"runtime":"nodejs18","entryPoint":"sendSafetyAlert","source":{"storageSource":{"bucket":"gcf-v2-sources-130552682344-us-central1","object":"sendSafetyAlert/function-source.zip","generation":"1755247066401679"}},"environmentVariables":{"GOOGLE_NODE_RUN_SCRIPTS":""},"serviceAccount":"projects/safelydv300classproj/serviceAccounts/130552682344-compute@developer.gserviceaccount.com","automaticUpdatePolicy":{}},"serviceConfig":{"service":"projects/safelydv300classproj/locations/us-central1/services/sendsafetyalert","timeoutSeconds":60,"environmentVariables":{"FIREBASE_CONFIG":"{\"projectId\":\"safelydv300classproj\",\"storageBucket\":\"safelydv300classproj.firebasestorage.app\"}","GCLOUD_PROJECT":"safelydv300classproj","EVENTARC_CLOUD_EVENT_SOURCE":"projects/safelydv300classproj/locations/us-central1/services/sendSafetyAlert","FUNCTION_TARGET":"sendSafetyAlert","LOG_EXECUTION_ID":"true"},"ingressSettings":"ALLOW_ALL","serviceAccountEmail":"130552682344-compute@developer.gserviceaccount.com","availableMemory":"256Mi","maxInstanceRequestConcurrency":80,"availableCpu":"1"},"labels":{"deployment-tool":"cli-firebase","deployment-callable":"true","firebase-functions-hash":"74dd154902d663fad59100a9de06d26edc029cd6"},"environment":"GEN_2"},"stages":[{"name":"BUILD","message":"Build in progress","state":"IN_PROGRESS","resource":"projects/130552682344/locations/us-central1/builds/2c45c6c0-f438-4eea-896d-67605d64a8f5","resourceUri":"https://console.cloud.google.com/cloud-build/builds;region=us-central1/2c45c6c0-f438-4eea-896d-67605d64a8f5?project=130552682344"},{"name":"SERVICE","state":"NOT_STARTED"}],"operationType":"CREATE_FUNCTION","buildName":"projects/130552682344/locations/us-central1/builds/2c45c6c0-f438-4eea-896d-67605d64a8f5"},"done":false}
[debug] [2025-08-15T08:38:07.069Z] [create-default-us-central1-sendSafetyAlert] Retrying task index 0
[debug] [2025-08-15T08:38:07.070Z] Checked if tokens are valid: true, expires at: 1755249583824
[debug] [2025-08-15T08:38:07.070Z] Checked if tokens are valid: true, expires at: 1755249583824
[debug] [2025-08-15T08:38:07.070Z] >>> [apiv2][query] GET https://cloudfunctions.googleapis.com/v2/projects/safelydv300classproj/locations/us-central1/operations/operation-1755247065612-63c634dd6c1f0-d0cc16e6-6d133012 [none]
[debug] [2025-08-15T08:38:08.136Z] <<< [apiv2][status] GET https://cloudfunctions.googleapis.com/v2/projects/safelydv300classproj/locations/us-central1/operations/operation-1755247065612-63c634dd6c1f0-d0cc16e6-6d133012 200
[debug] [2025-08-15T08:38:08.136Z] <<< [apiv2][body] GET https://cloudfunctions.googleapis.com/v2/projects/safelydv300classproj/locations/us-central1/operations/operation-1755247065612-63c634dd6c1f0-d0cc16e6-6d133012 {"name":"projects/safelydv300classproj/locations/us-central1/operations/operation-1755247065612-63c634dd6c1f0-d0cc16e6-6d133012","metadata":{"@type":"type.googleapis.com/google.cloud.functions.v2.OperationMetadata","createTime":"2025-08-15T08:37:46.724540016Z","target":"projects/safelydv300classproj/locations/us-central1/functions/sendSafetyAlert","verb":"create","cancelRequested":false,"apiVersion":"v2","requestResource":{"@type":"type.googleapis.com/google.cloud.functions.v2.Function","name":"projects/safelydv300classproj/locations/us-central1/functions/sendSafetyAlert","buildConfig":{"runtime":"nodejs18","entryPoint":"sendSafetyAlert","source":{"storageSource":{"bucket":"gcf-v2-sources-130552682344-us-central1","object":"sendSafetyAlert/function-source.zip","generation":"1755247066401679"}},"environmentVariables":{"GOOGLE_NODE_RUN_SCRIPTS":""},"serviceAccount":"projects/safelydv300classproj/serviceAccounts/130552682344-compute@developer.gserviceaccount.com","automaticUpdatePolicy":{}},"serviceConfig":{"service":"projects/safelydv300classproj/locations/us-central1/services/sendsafetyalert","timeoutSeconds":60,"environmentVariables":{"FIREBASE_CONFIG":"{\"projectId\":\"safelydv300classproj\",\"storageBucket\":\"safelydv300classproj.firebasestorage.app\"}","GCLOUD_PROJECT":"safelydv300classproj","EVENTARC_CLOUD_EVENT_SOURCE":"projects/safelydv300classproj/locations/us-central1/services/sendSafetyAlert","FUNCTION_TARGET":"sendSafetyAlert","LOG_EXECUTION_ID":"true"},"ingressSettings":"ALLOW_ALL","serviceAccountEmail":"130552682344-compute@developer.gserviceaccount.com","availableMemory":"256Mi","maxInstanceRequestConcurrency":80,"availableCpu":"1"},"labels":{"deployment-tool":"cli-firebase","deployment-callable":"true","firebase-functions-hash":"74dd154902d663fad59100a9de06d26edc029cd6"},"environment":"GEN_2"},"stages":[{"name":"BUILD","message":"Build in progress","state":"IN_PROGRESS","resource":"projects/130552682344/locations/us-central1/builds/2c45c6c0-f438-4eea-896d-67605d64a8f5","resourceUri":"https://console.cloud.google.com/cloud-build/builds;region=us-central1/2c45c6c0-f438-4eea-896d-67605d64a8f5?project=130552682344"},{"name":"SERVICE","state":"NOT_STARTED"}],"operationType":"CREATE_FUNCTION","buildName":"projects/130552682344/locations/us-central1/builds/2c45c6c0-f438-4eea-896d-67605d64a8f5"},"done":false}
[debug] [2025-08-15T08:38:18.139Z] [create-default-us-central1-sendSafetyAlert] Retrying task index 0
[debug] [2025-08-15T08:38:18.139Z] Checked if tokens are valid: true, expires at: 1755249583824
[debug] [2025-08-15T08:38:18.139Z] Checked if tokens are valid: true, expires at: 1755249583824
[debug] [2025-08-15T08:38:18.140Z] >>> [apiv2][query] GET https://cloudfunctions.googleapis.com/v2/projects/safelydv300classproj/locations/us-central1/operations/operation-1755247065612-63c634dd6c1f0-d0cc16e6-6d133012 [none]
[debug] [2025-08-15T08:38:19.186Z] <<< [apiv2][status] GET https://cloudfunctions.googleapis.com/v2/projects/safelydv300classproj/locations/us-central1/operations/operation-1755247065612-63c634dd6c1f0-d0cc16e6-6d133012 200
[debug] [2025-08-15T08:38:19.186Z] <<< [apiv2][body] GET https://cloudfunctions.googleapis.com/v2/projects/safelydv300classproj/locations/us-central1/operations/operation-1755247065612-63c634dd6c1f0-d0cc16e6-6d133012 {"name":"projects/safelydv300classproj/locations/us-central1/operations/operation-1755247065612-63c634dd6c1f0-d0cc16e6-6d133012","metadata":{"@type":"type.googleapis.com/google.cloud.functions.v2.OperationMetadata","createTime":"2025-08-15T08:37:46.724540016Z","target":"projects/safelydv300classproj/locations/us-central1/functions/sendSafetyAlert","verb":"create","cancelRequested":false,"apiVersion":"v2","requestResource":{"@type":"type.googleapis.com/google.cloud.functions.v2.Function","name":"projects/safelydv300classproj/locations/us-central1/functions/sendSafetyAlert","buildConfig":{"runtime":"nodejs18","entryPoint":"sendSafetyAlert","source":{"storageSource":{"bucket":"gcf-v2-sources-130552682344-us-central1","object":"sendSafetyAlert/function-source.zip","generation":"1755247066401679"}},"environmentVariables":{"GOOGLE_NODE_RUN_SCRIPTS":""},"serviceAccount":"projects/safelydv300classproj/serviceAccounts/130552682344-compute@developer.gserviceaccount.com","automaticUpdatePolicy":{}},"serviceConfig":{"service":"projects/safelydv300classproj/locations/us-central1/services/sendsafetyalert","timeoutSeconds":60,"environmentVariables":{"FIREBASE_CONFIG":"{\"projectId\":\"safelydv300classproj\",\"storageBucket\":\"safelydv300classproj.firebasestorage.app\"}","GCLOUD_PROJECT":"safelydv300classproj","EVENTARC_CLOUD_EVENT_SOURCE":"projects/safelydv300classproj/locations/us-central1/services/sendSafetyAlert","FUNCTION_TARGET":"sendSafetyAlert","LOG_EXECUTION_ID":"true"},"ingressSettings":"ALLOW_ALL","serviceAccountEmail":"130552682344-compute@developer.gserviceaccount.com","availableMemory":"256Mi","maxInstanceRequestConcurrency":80,"availableCpu":"1"},"labels":{"deployment-tool":"cli-firebase","deployment-callable":"true","firebase-functions-hash":"74dd154902d663fad59100a9de06d26edc029cd6"},"environment":"GEN_2"},"stages":[{"name":"BUILD","message":"Build in progress","state":"IN_PROGRESS","resource":"projects/130552682344/locations/us-central1/builds/2c45c6c0-f438-4eea-896d-67605d64a8f5","resourceUri":"https://console.cloud.google.com/cloud-build/builds;region=us-central1/2c45c6c0-f438-4eea-896d-67605d64a8f5?project=130552682344"},{"name":"SERVICE","state":"NOT_STARTED"}],"operationType":"CREATE_FUNCTION","buildName":"projects/130552682344/locations/us-central1/builds/2c45c6c0-f438-4eea-896d-67605d64a8f5"},"done":false}
[debug] [2025-08-15T08:38:29.198Z] [create-default-us-central1-sendSafetyAlert] Retrying task index 0
[debug] [2025-08-15T08:38:29.198Z] Checked if tokens are valid: true, expires at: 1755249583824
[debug] [2025-08-15T08:38:29.198Z] Checked if tokens are valid: true, expires at: 1755249583824
[debug] [2025-08-15T08:38:29.199Z] >>> [apiv2][query] GET https://cloudfunctions.googleapis.com/v2/projects/safelydv300classproj/locations/us-central1/operations/operation-1755247065612-63c634dd6c1f0-d0cc16e6-6d133012 [none]
[debug] [2025-08-15T08:38:30.273Z] <<< [apiv2][status] GET https://cloudfunctions.googleapis.com/v2/projects/safelydv300classproj/locations/us-central1/operations/operation-1755247065612-63c634dd6c1f0-d0cc16e6-6d133012 200
[debug] [2025-08-15T08:38:30.273Z] <<< [apiv2][body] GET https://cloudfunctions.googleapis.com/v2/projects/safelydv300classproj/locations/us-central1/operations/operation-1755247065612-63c634dd6c1f0-d0cc16e6-6d133012 {"name":"projects/safelydv300classproj/locations/us-central1/operations/operation-1755247065612-63c634dd6c1f0-d0cc16e6-6d133012","metadata":{"@type":"type.googleapis.com/google.cloud.functions.v2.OperationMetadata","createTime":"2025-08-15T08:37:46.724540016Z","target":"projects/safelydv300classproj/locations/us-central1/functions/sendSafetyAlert","verb":"create","cancelRequested":false,"apiVersion":"v2","requestResource":{"@type":"type.googleapis.com/google.cloud.functions.v2.Function","name":"projects/safelydv300classproj/locations/us-central1/functions/sendSafetyAlert","buildConfig":{"runtime":"nodejs18","entryPoint":"sendSafetyAlert","source":{"storageSource":{"bucket":"gcf-v2-sources-130552682344-us-central1","object":"sendSafetyAlert/function-source.zip","generation":"1755247066401679"}},"environmentVariables":{"GOOGLE_NODE_RUN_SCRIPTS":""},"serviceAccount":"projects/safelydv300classproj/serviceAccounts/130552682344-compute@developer.gserviceaccount.com","automaticUpdatePolicy":{}},"serviceConfig":{"service":"projects/safelydv300classproj/locations/us-central1/services/sendsafetyalert","timeoutSeconds":60,"environmentVariables":{"FIREBASE_CONFIG":"{\"projectId\":\"safelydv300classproj\",\"storageBucket\":\"safelydv300classproj.firebasestorage.app\"}","GCLOUD_PROJECT":"safelydv300classproj","EVENTARC_CLOUD_EVENT_SOURCE":"projects/safelydv300classproj/locations/us-central1/services/sendSafetyAlert","FUNCTION_TARGET":"sendSafetyAlert","LOG_EXECUTION_ID":"true"},"ingressSettings":"ALLOW_ALL","serviceAccountEmail":"130552682344-compute@developer.gserviceaccount.com","availableMemory":"256Mi","maxInstanceRequestConcurrency":80,"availableCpu":"1"},"labels":{"deployment-tool":"cli-firebase","deployment-callable":"true","firebase-functions-hash":"74dd154902d663fad59100a9de06d26edc029cd6"},"environment":"GEN_2"},"stages":[{"name":"BUILD","message":"Build in progress","state":"IN_PROGRESS","resource":"projects/130552682344/locations/us-central1/builds/2c45c6c0-f438-4eea-896d-67605d64a8f5","resourceUri":"https://console.cloud.google.com/cloud-build/builds;region=us-central1/2c45c6c0-f438-4eea-896d-67605d64a8f5?project=130552682344"},{"name":"SERVICE","state":"NOT_STARTED"}],"operationType":"CREATE_FUNCTION","buildName":"projects/130552682344/locations/us-central1/builds/2c45c6c0-f438-4eea-896d-67605d64a8f5"},"done":false}
[debug] [2025-08-15T08:38:40.276Z] [create-default-us-central1-sendSafetyAlert] Retrying task index 0
[debug] [2025-08-15T08:38:40.278Z] Checked if tokens are valid: true, expires at: 1755249583824
[debug] [2025-08-15T08:38:40.278Z] Checked if tokens are valid: true, expires at: 1755249583824
[debug] [2025-08-15T08:38:40.278Z] >>> [apiv2][query] GET https://cloudfunctions.googleapis.com/v2/projects/safelydv300classproj/locations/us-central1/operations/operation-1755247065612-63c634dd6c1f0-d0cc16e6-6d133012 [none]
[debug] [2025-08-15T08:38:41.333Z] <<< [apiv2][status] GET https://cloudfunctions.googleapis.com/v2/projects/safelydv300classproj/locations/us-central1/operations/operation-1755247065612-63c634dd6c1f0-d0cc16e6-6d133012 200
[debug] [2025-08-15T08:38:41.333Z] <<< [apiv2][body] GET https://cloudfunctions.googleapis.com/v2/projects/safelydv300classproj/locations/us-central1/operations/operation-1755247065612-63c634dd6c1f0-d0cc16e6-6d133012 {"name":"projects/safelydv300classproj/locations/us-central1/operations/operation-1755247065612-63c634dd6c1f0-d0cc16e6-6d133012","metadata":{"@type":"type.googleapis.com/google.cloud.functions.v2.OperationMetadata","createTime":"2025-08-15T08:37:46.724540016Z","target":"projects/safelydv300classproj/locations/us-central1/functions/sendSafetyAlert","verb":"create","cancelRequested":false,"apiVersion":"v2","requestResource":{"@type":"type.googleapis.com/google.cloud.functions.v2.Function","name":"projects/safelydv300classproj/locations/us-central1/functions/sendSafetyAlert","buildConfig":{"runtime":"nodejs18","entryPoint":"sendSafetyAlert","source":{"storageSource":{"bucket":"gcf-v2-sources-130552682344-us-central1","object":"sendSafetyAlert/function-source.zip","generation":"1755247066401679"}},"environmentVariables":{"GOOGLE_NODE_RUN_SCRIPTS":""},"serviceAccount":"projects/safelydv300classproj/serviceAccounts/130552682344-compute@developer.gserviceaccount.com","automaticUpdatePolicy":{}},"serviceConfig":{"service":"projects/safelydv300classproj/locations/us-central1/services/sendsafetyalert","timeoutSeconds":60,"environmentVariables":{"FIREBASE_CONFIG":"{\"projectId\":\"safelydv300classproj\",\"storageBucket\":\"safelydv300classproj.firebasestorage.app\"}","GCLOUD_PROJECT":"safelydv300classproj","EVENTARC_CLOUD_EVENT_SOURCE":"projects/safelydv300classproj/locations/us-central1/services/sendSafetyAlert","FUNCTION_TARGET":"sendSafetyAlert","LOG_EXECUTION_ID":"true"},"ingressSettings":"ALLOW_ALL","serviceAccountEmail":"130552682344-compute@developer.gserviceaccount.com","availableMemory":"256Mi","maxInstanceRequestConcurrency":80,"availableCpu":"1"},"labels":{"deployment-tool":"cli-firebase","deployment-callable":"true","firebase-functions-hash":"74dd154902d663fad59100a9de06d26edc029cd6"},"environment":"GEN_2"},"stages":[{"name":"BUILD","message":"Build in progress","state":"IN_PROGRESS","resource":"projects/130552682344/locations/us-central1/builds/2c45c6c0-f438-4eea-896d-67605d64a8f5","resourceUri":"https://console.cloud.google.com/cloud-build/builds;region=us-central1/2c45c6c0-f438-4eea-896d-67605d64a8f5?project=130552682344"},{"name":"SERVICE","state":"NOT_STARTED"}],"operationType":"CREATE_FUNCTION","buildName":"projects/130552682344/locations/us-central1/builds/2c45c6c0-f438-4eea-896d-67605d64a8f5"},"done":false}
[debug] [2025-08-15T08:38:51.347Z] [create-default-us-central1-sendSafetyAlert] Retrying task index 0
[debug] [2025-08-15T08:38:51.348Z] Checked if tokens are valid: true, expires at: 1755249583824
[debug] [2025-08-15T08:38:51.348Z] Checked if tokens are valid: true, expires at: 1755249583824
[debug] [2025-08-15T08:38:51.348Z] >>> [apiv2][query] GET https://cloudfunctions.googleapis.com/v2/projects/safelydv300classproj/locations/us-central1/operations/operation-1755247065612-63c634dd6c1f0-d0cc16e6-6d133012 [none]
[debug] [2025-08-15T08:38:52.423Z] <<< [apiv2][status] GET https://cloudfunctions.googleapis.com/v2/projects/safelydv300classproj/locations/us-central1/operations/operation-1755247065612-63c634dd6c1f0-d0cc16e6-6d133012 200
[debug] [2025-08-15T08:38:52.423Z] <<< [apiv2][body] GET https://cloudfunctions.googleapis.com/v2/projects/safelydv300classproj/locations/us-central1/operations/operation-1755247065612-63c634dd6c1f0-d0cc16e6-6d133012 {"name":"projects/safelydv300classproj/locations/us-central1/operations/operation-1755247065612-63c634dd6c1f0-d0cc16e6-6d133012","metadata":{"@type":"type.googleapis.com/google.cloud.functions.v2.OperationMetadata","createTime":"2025-08-15T08:37:46.724540016Z","target":"projects/safelydv300classproj/locations/us-central1/functions/sendSafetyAlert","verb":"create","cancelRequested":false,"apiVersion":"v2","requestResource":{"@type":"type.googleapis.com/google.cloud.functions.v2.Function","name":"projects/safelydv300classproj/locations/us-central1/functions/sendSafetyAlert","buildConfig":{"runtime":"nodejs18","entryPoint":"sendSafetyAlert","source":{"storageSource":{"bucket":"gcf-v2-sources-130552682344-us-central1","object":"sendSafetyAlert/function-source.zip","generation":"1755247066401679"}},"environmentVariables":{"GOOGLE_NODE_RUN_SCRIPTS":""},"serviceAccount":"projects/safelydv300classproj/serviceAccounts/130552682344-compute@developer.gserviceaccount.com","automaticUpdatePolicy":{}},"serviceConfig":{"service":"projects/safelydv300classproj/locations/us-central1/services/sendsafetyalert","timeoutSeconds":60,"environmentVariables":{"FIREBASE_CONFIG":"{\"projectId\":\"safelydv300classproj\",\"storageBucket\":\"safelydv300classproj.firebasestorage.app\"}","GCLOUD_PROJECT":"safelydv300classproj","EVENTARC_CLOUD_EVENT_SOURCE":"projects/safelydv300classproj/locations/us-central1/services/sendSafetyAlert","FUNCTION_TARGET":"sendSafetyAlert","LOG_EXECUTION_ID":"true"},"ingressSettings":"ALLOW_ALL","serviceAccountEmail":"130552682344-compute@developer.gserviceaccount.com","availableMemory":"256Mi","maxInstanceRequestConcurrency":80,"availableCpu":"1"},"labels":{"deployment-tool":"cli-firebase","deployment-callable":"true","firebase-functions-hash":"74dd154902d663fad59100a9de06d26edc029cd6"},"environment":"GEN_2"},"stages":[{"name":"BUILD","message":"Build in progress","state":"IN_PROGRESS","resource":"projects/130552682344/locations/us-central1/builds/2c45c6c0-f438-4eea-896d-67605d64a8f5","resourceUri":"https://console.cloud.google.com/cloud-build/builds;region=us-central1/2c45c6c0-f438-4eea-896d-67605d64a8f5?project=130552682344"},{"name":"SERVICE","state":"NOT_STARTED"}],"operationType":"CREATE_FUNCTION","buildName":"projects/130552682344/locations/us-central1/builds/2c45c6c0-f438-4eea-896d-67605d64a8f5"},"done":false}
[debug] [2025-08-15T08:39:02.436Z] [create-default-us-central1-sendSafetyAlert] Retrying task index 0
[debug] [2025-08-15T08:39:02.437Z] Checked if tokens are valid: true, expires at: 1755249583824
[debug] [2025-08-15T08:39:02.437Z] Checked if tokens are valid: true, expires at: 1755249583824
[debug] [2025-08-15T08:39:02.437Z] >>> [apiv2][query] GET https://cloudfunctions.googleapis.com/v2/projects/safelydv300classproj/locations/us-central1/operations/operation-1755247065612-63c634dd6c1f0-d0cc16e6-6d133012 [none]
[debug] [2025-08-15T08:39:03.505Z] <<< [apiv2][status] GET https://cloudfunctions.googleapis.com/v2/projects/safelydv300classproj/locations/us-central1/operations/operation-1755247065612-63c634dd6c1f0-d0cc16e6-6d133012 200
[debug] [2025-08-15T08:39:03.505Z] <<< [apiv2][body] GET https://cloudfunctions.googleapis.com/v2/projects/safelydv300classproj/locations/us-central1/operations/operation-1755247065612-63c634dd6c1f0-d0cc16e6-6d133012 {"name":"projects/safelydv300classproj/locations/us-central1/operations/operation-1755247065612-63c634dd6c1f0-d0cc16e6-6d133012","metadata":{"@type":"type.googleapis.com/google.cloud.functions.v2.OperationMetadata","createTime":"2025-08-15T08:37:46.724540016Z","target":"projects/safelydv300classproj/locations/us-central1/functions/sendSafetyAlert","verb":"create","cancelRequested":false,"apiVersion":"v2","requestResource":{"@type":"type.googleapis.com/google.cloud.functions.v2.Function","name":"projects/safelydv300classproj/locations/us-central1/functions/sendSafetyAlert","buildConfig":{"runtime":"nodejs18","entryPoint":"sendSafetyAlert","source":{"storageSource":{"bucket":"gcf-v2-sources-130552682344-us-central1","object":"sendSafetyAlert/function-source.zip","generation":"1755247066401679"}},"environmentVariables":{"GOOGLE_NODE_RUN_SCRIPTS":""},"serviceAccount":"projects/safelydv300classproj/serviceAccounts/130552682344-compute@developer.gserviceaccount.com","automaticUpdatePolicy":{}},"serviceConfig":{"service":"projects/safelydv300classproj/locations/us-central1/services/sendsafetyalert","timeoutSeconds":60,"environmentVariables":{"FIREBASE_CONFIG":"{\"projectId\":\"safelydv300classproj\",\"storageBucket\":\"safelydv300classproj.firebasestorage.app\"}","GCLOUD_PROJECT":"safelydv300classproj","EVENTARC_CLOUD_EVENT_SOURCE":"projects/safelydv300classproj/locations/us-central1/services/sendSafetyAlert","FUNCTION_TARGET":"sendSafetyAlert","LOG_EXECUTION_ID":"true"},"ingressSettings":"ALLOW_ALL","serviceAccountEmail":"130552682344-compute@developer.gserviceaccount.com","availableMemory":"256Mi","maxInstanceRequestConcurrency":80,"availableCpu":"1"},"labels":{"deployment-tool":"cli-firebase","deployment-callable":"true","firebase-functions-hash":"74dd154902d663fad59100a9de06d26edc029cd6"},"environment":"GEN_2"},"stages":[{"name":"BUILD","message":"Build finished","state":"COMPLETE","resource":"projects/130552682344/locations/us-central1/builds/2c45c6c0-f438-4eea-896d-67605d64a8f5","resourceUri":"https://console.cloud.google.com/cloud-build/builds;region=us-central1/2c45c6c0-f438-4eea-896d-67605d64a8f5?project=130552682344"},{"name":"SERVICE","message":"Creating Cloud Run service","state":"IN_PROGRESS","resource":"projects/safelydv300classproj/locations/us-central1/services/sendsafetyalert","resourceUri":"https://console.cloud.google.com/run/detail/us-central1/sendsafetyalert?project=safelydv300classproj"}],"sourceToken":"Cldwcm9qZWN0cy8xMzA1NTI2ODIzNDQvbG9jYXRpb25zL3VzLWNlbnRyYWwxL2J1aWxkcy8yYzQ1YzZjMC1mNDM4LTRlZWEtODk2ZC02NzYwNWQ2NGE4ZjUSfXVzLWNlbnRyYWwxLWRvY2tlci5wa2cuZGV2L3NhZmVseWR2MzAwY2xhc3Nwcm9qL2djZi1hcnRpZmFjdHMvc2FmZWx5ZHYzMDBjbGFzc3Byb2pfX3VzLS1jZW50cmFsMV9fc2VuZF9zYWZldHlfYWxlcnQ6dmVyc2lvbl8xGOiur6zmAyJNcHJvamVjdHMvc2FmZWx5ZHYzMDBjbGFzc3Byb2ovbG9jYXRpb25zL3VzLWNlbnRyYWwxL2Z1bmN0aW9ucy9zZW5kU2FmZXR5QWxlcnQqDAif5PvEBhCQg7OYAzIIbm9kZWpzMTg6dgojZ2NyLmlvL2dhZS1ydW50aW1lcy9ub2RlanMxODpzdGFibGUST3VzLWNlbnRyYWwxLWRvY2tlci5wa2cuZGV2L3NlcnZlcmxlc3MtcnVudGltZXMvZ29vZ2xlLTIyLWZ1bGwvcnVudGltZXMvbm9kZWpzMThAAQ==","operationType":"CREATE_FUNCTION","buildName":"projects/130552682344/locations/us-central1/builds/2c45c6c0-f438-4eea-896d-67605d64a8f5"},"done":false}
[debug] [2025-08-15T08:39:03.505Z] Got source token Cldwcm9qZWN0cy8xMzA1NTI2ODIzNDQvbG9jYXRpb25zL3VzLWNlbnRyYWwxL2J1aWxkcy8yYzQ1YzZjMC1mNDM4LTRlZWEtODk2ZC02NzYwNWQ2NGE4ZjUSfXVzLWNlbnRyYWwxLWRvY2tlci5wa2cuZGV2L3NhZmVseWR2MzAwY2xhc3Nwcm9qL2djZi1hcnRpZmFjdHMvc2FmZWx5ZHYzMDBjbGFzc3Byb2pfX3VzLS1jZW50cmFsMV9fc2VuZF9zYWZldHlfYWxlcnQ6dmVyc2lvbl8xGOiur6zmAyJNcHJvamVjdHMvc2FmZWx5ZHYzMDBjbGFzc3Byb2ovbG9jYXRpb25zL3VzLWNlbnRyYWwxL2Z1bmN0aW9ucy9zZW5kU2FmZXR5QWxlcnQqDAif5PvEBhCQg7OYAzIIbm9kZWpzMTg6dgojZ2NyLmlvL2dhZS1ydW50aW1lcy9ub2RlanMxODpzdGFibGUST3VzLWNlbnRyYWwxLWRvY2tlci5wa2cuZGV2L3NlcnZlcmxlc3MtcnVudGltZXMvZ29vZ2xlLTIyLWZ1bGwvcnVudGltZXMvbm9kZWpzMThAAQ== for region us-central1
[debug] [2025-08-15T08:39:13.516Z] [create-default-us-central1-sendSafetyAlert] Retrying task index 0
[debug] [2025-08-15T08:39:13.517Z] Checked if tokens are valid: true, expires at: 1755249583824
[debug] [2025-08-15T08:39:13.517Z] Checked if tokens are valid: true, expires at: 1755249583824
[debug] [2025-08-15T08:39:13.517Z] >>> [apiv2][query] GET https://cloudfunctions.googleapis.com/v2/projects/safelydv300classproj/locations/us-central1/operations/operation-1755247065612-63c634dd6c1f0-d0cc16e6-6d133012 [none]
[debug] [2025-08-15T08:39:14.699Z] <<< [apiv2][status] GET https://cloudfunctions.googleapis.com/v2/projects/safelydv300classproj/locations/us-central1/operations/operation-1755247065612-63c634dd6c1f0-d0cc16e6-6d133012 200
[debug] [2025-08-15T08:39:14.699Z] <<< [apiv2][body] GET https://cloudfunctions.googleapis.com/v2/projects/safelydv300classproj/locations/us-central1/operations/operation-1755247065612-63c634dd6c1f0-d0cc16e6-6d133012 {"name":"projects/safelydv300classproj/locations/us-central1/operations/operation-1755247065612-63c634dd6c1f0-d0cc16e6-6d133012","metadata":{"@type":"type.googleapis.com/google.cloud.functions.v2.OperationMetadata","createTime":"2025-08-15T08:37:46.724540016Z","endTime":"2025-08-15T08:39:06.866075571Z","target":"projects/safelydv300classproj/locations/us-central1/functions/sendSafetyAlert","verb":"create","cancelRequested":false,"apiVersion":"v2","requestResource":{"@type":"type.googleapis.com/google.cloud.functions.v2.Function","name":"projects/safelydv300classproj/locations/us-central1/functions/sendSafetyAlert","buildConfig":{"runtime":"nodejs18","entryPoint":"sendSafetyAlert","source":{"storageSource":{"bucket":"gcf-v2-sources-130552682344-us-central1","object":"sendSafetyAlert/function-source.zip","generation":"1755247066401679"}},"environmentVariables":{"GOOGLE_NODE_RUN_SCRIPTS":""},"serviceAccount":"projects/safelydv300classproj/serviceAccounts/130552682344-compute@developer.gserviceaccount.com","automaticUpdatePolicy":{}},"serviceConfig":{"service":"projects/safelydv300classproj/locations/us-central1/services/sendsafetyalert","timeoutSeconds":60,"environmentVariables":{"FIREBASE_CONFIG":"{\"projectId\":\"safelydv300classproj\",\"storageBucket\":\"safelydv300classproj.firebasestorage.app\"}","GCLOUD_PROJECT":"safelydv300classproj","EVENTARC_CLOUD_EVENT_SOURCE":"projects/safelydv300classproj/locations/us-central1/services/sendSafetyAlert","FUNCTION_TARGET":"sendSafetyAlert","LOG_EXECUTION_ID":"true"},"ingressSettings":"ALLOW_ALL","serviceAccountEmail":"130552682344-compute@developer.gserviceaccount.com","availableMemory":"256Mi","maxInstanceRequestConcurrency":80,"availableCpu":"1"},"labels":{"deployment-tool":"cli-firebase","deployment-callable":"true","firebase-functions-hash":"74dd154902d663fad59100a9de06d26edc029cd6"},"environment":"GEN_2"},"stages":[{"name":"ARTIFACT_REGISTRY","message":"Deleting function artifacts in Artifact Registry","state":"COMPLETE"},{"name":"SERVICE","message":"Deleting Cloud Run service","state":"COMPLETE","resource":"projects/safelydv300classproj/locations/us-central1/services/sendsafetyalert"}],"operationType":"CREATE_FUNCTION"},"done":true,"error":{"code":3,"message":"Could not create or update Cloud Run service sendsafetyalert, Container Healthcheck failed. Revision 'sendsafetyalert-00001-may' is not ready and cannot serve traffic. The user-provided container failed to start and listen on the port defined provided by the PORT=8080 environment variable within the allocated timeout. This can happen when the container port is misconfigured or if the timeout is too short. The health check timeout can be extended. Logs for this revision might contain more information.\n\nLogs URL: https://console.cloud.google.com/logs/viewer?project=safelydv300classproj&resource=cloud_run_revision/service_name/sendsafetyalert/revision_name/sendsafetyalert-00001-may&advancedFilter=resource.type%3D%22cloud_run_revision%22%0Aresource.labels.service_name%3D%22sendsafetyalert%22%0Aresource.labels.revision_name%3D%22sendsafetyalert-00001-may%22 \nFor more troubleshooting guidance, see https://cloud.google.com/run/docs/troubleshooting#container-failed-to-start"}}
[debug] [2025-08-15T08:39:14.700Z] Got source token undefined for region us-central1
[error] Could not create or update Cloud Run service sendsafetyalert, Container Healthcheck failed. Revision 'sendsafetyalert-00001-may' is not ready and cannot serve traffic. The user-provided container failed to start and listen on the port defined provided by the PORT=8080 environment variable within the allocated timeout. This can happen when the container port is misconfigured or if the timeout is too short. The health check timeout can be extended. Logs for this revision might contain more information.

Logs URL: https://console.cloud.google.com/logs/viewer?project=safelydv300classproj&resource=cloud_run_revision/service_name/sendsafetyalert/revision_name/sendsafetyalert-00001-may&advancedFilter=resource.type%3D%22cloud_run_revision%22%0Aresource.labels.service_name%3D%22sendsafetyalert%22%0Aresource.labels.revision_name%3D%22sendsafetyalert-00001-may%22 
For more troubleshooting guidance, see https://cloud.google.com/run/docs/troubleshooting#container-failed-to-start
[debug] [2025-08-15T08:39:14.703Z] Total Function Deployment time: 89429
[debug] [2025-08-15T08:39:14.703Z] 1 Functions Deployed
[debug] [2025-08-15T08:39:14.703Z] 1 Functions Errored
[debug] [2025-08-15T08:39:14.703Z] 0 Function Deployments Aborted
[debug] [2025-08-15T08:39:14.703Z] Average Function Deployment time: 89428
[info] 
[info] Functions deploy had errors with the following functions:
	sendSafetyAlert(us-central1)
[debug] [2025-08-15T08:39:14.707Z] Checked if tokens are valid: true, expires at: 1755249583824
[debug] [2025-08-15T08:39:14.707Z] Checked if tokens are valid: true, expires at: 1755249583824
[debug] [2025-08-15T08:39:14.707Z] >>> [apiv2][query] GET https://artifactregistry.googleapis.com/v1/projects/safelydv300classproj/locations/us-central1/repositories/gcf-artifacts [none]
[debug] [2025-08-15T08:39:16.000Z] <<< [apiv2][status] GET https://artifactregistry.googleapis.com/v1/projects/safelydv300classproj/locations/us-central1/repositories/gcf-artifacts 200
[debug] [2025-08-15T08:39:16.000Z] <<< [apiv2][body] GET https://artifactregistry.googleapis.com/v1/projects/safelydv300classproj/locations/us-central1/repositories/gcf-artifacts {"name":"projects/safelydv300classproj/locations/us-central1/repositories/gcf-artifacts","format":"DOCKER","description":"This repository is created and used by Cloud Functions for storing function docker images.","labels":{"goog-managed-by":"cloudfunctions"},"createTime":"2025-08-15T08:37:55.421836Z","updateTime":"2025-08-15T08:39:06.721042Z","mode":"STANDARD_REPOSITORY","sizeBytes":"89657648","vulnerabilityScanningConfig":{"lastEnableTime":"2025-08-15T08:37:46.936416874Z","enablementState":"SCANNING_DISABLED","enablementStateReason":"API containerscanning.googleapis.com is not enabled."},"satisfiesPzi":true,"registryUri":"us-central1-docker.pkg.dev/safelydv300classproj/gcf-artifacts"}
[warn] !  functions: No cleanup policy detected for repositories in us-central1. This may result in a small monthly bill as container images accumulate over time. 
[info] i  functions: Configuring cleanup policy for repository in us-central1. Images older than 20 days will be automatically deleted. 
[debug] [2025-08-15T08:45:49.484Z] Setting up artifact cleanup policy for region us-central1
[debug] [2025-08-15T08:45:49.486Z] Checked if tokens are valid: true, expires at: 1755249583824
[debug] [2025-08-15T08:45:49.486Z] Checked if tokens are valid: true, expires at: 1755249583824
[debug] [2025-08-15T08:45:49.486Z] >>> [apiv2][query] PATCH https://artifactregistry.googleapis.com/v1/projects/safelydv300classproj/locations/us-central1/repositories/gcf-artifacts updateMask=name%2CcleanupPolicies%2CcleanupPolicyDryRun%2Clabels
[debug] [2025-08-15T08:45:49.486Z] >>> [apiv2][body] PATCH https://artifactregistry.googleapis.com/v1/projects/safelydv300classproj/locations/us-central1/repositories/gcf-artifacts {"name":"projects/safelydv300classproj/locations/us-central1/repositories/gcf-artifacts","cleanupPolicies":{"firebase-functions-cleanup":{"id":"firebase-functions-cleanup","condition":{"tagState":"ANY","olderThan":"1728000s"},"action":"DELETE"}},"cleanupPolicyDryRun":false,"labels":{"goog-managed-by":"cloudfunctions"}}
[debug] [2025-08-15T08:45:50.855Z] <<< [apiv2][status] PATCH https://artifactregistry.googleapis.com/v1/projects/safelydv300classproj/locations/us-central1/repositories/gcf-artifacts 200
[debug] [2025-08-15T08:45:50.855Z] <<< [apiv2][body] PATCH https://artifactregistry.googleapis.com/v1/projects/safelydv300classproj/locations/us-central1/repositories/gcf-artifacts {"name":"projects/safelydv300classproj/locations/us-central1/repositories/gcf-artifacts","format":"DOCKER","description":"This repository is created and used by Cloud Functions for storing function docker images.","labels":{"goog-managed-by":"cloudfunctions"},"createTime":"2025-08-15T08:37:55.421836Z","updateTime":"2025-08-15T08:45:50.250628Z","mode":"STANDARD_REPOSITORY","cleanupPolicies":{"firebase-functions-cleanup":{"id":"firebase-functions-cleanup","action":"DELETE","condition":{"tagState":"ANY","olderThan":"1728000s"}}},"vulnerabilityScanningConfig":{"lastEnableTime":"2025-08-15T08:37:46.936416874Z","enablementState":"SCANNING_DISABLED","enablementStateReason":"API containerscanning.googleapis.com is not enabled."},"satisfiesPzi":true}
[info] i  functions: Configured cleanup policy for repository in us-central1. 
[debug] [2025-08-15T08:45:50.856Z] Functions deploy failed.
[debug] [2025-08-15T08:45:50.856Z] {
  "endpoint": {
    "id": "sendSafetyAlert",
    "project": "safelydv300classproj",
    "region": "us-central1",
    "entryPoint": "sendSafetyAlert",
    "platform": "gcfv2",
    "runtime": "nodejs18",
    "callableTrigger": {},
    "labels": {
      "deployment-tool": "cli-firebase"
    },
    "serviceAccount": null,
    "ingressSettings": null,
    "availableMemoryMb": null,
    "timeoutSeconds": null,
    "maxInstances": null,
    "minInstances": null,
    "concurrency": 80,
    "vpc": null,
    "environmentVariables": {
      "FIREBASE_CONFIG": "{\"projectId\":\"safelydv300classproj\",\"storageBucket\":\"safelydv300classproj.firebasestorage.app\"}",
      "GCLOUD_PROJECT": "safelydv300classproj",
      "EVENTARC_CLOUD_EVENT_SOURCE": "projects/safelydv300classproj/locations/us-central1/services/sendSafetyAlert"
    },
    "codebase": "default",
    "cpu": 1,
    "targetedByOnly": false,
    "hash": "74dd154902d663fad59100a9de06d26edc029cd6"
  },
  "op": "create",
  "original": {
    "name": "FirebaseError",
    "children": [],
    "exit": 1,
    "message": "Could not create or update Cloud Run service sendsafetyalert, Container Healthcheck failed. Revision 'sendsafetyalert-00001-may' is not ready and cannot serve traffic. The user-provided container failed to start and listen on the port defined provided by the PORT=8080 environment variable within the allocated timeout. This can happen when the container port is misconfigured or if the timeout is too short. The health check timeout can be extended. Logs for this revision might contain more information.\n\nLogs URL: https://console.cloud.google.com/logs/viewer?project=safelydv300classproj&resource=cloud_run_revision/service_name/sendsafetyalert/revision_name/sendsafetyalert-00001-may&advancedFilter=resource.type%3D%22cloud_run_revision%22%0Aresource.labels.service_name%3D%22sendsafetyalert%22%0Aresource.labels.revision_name%3D%22sendsafetyalert-00001-may%22 \nFor more troubleshooting guidance, see https://cloud.google.com/run/docs/troubleshooting#container-failed-to-start",
    "original": {
      "code": 3,
      "message": "Could not create or update Cloud Run service sendsafetyalert, Container Healthcheck failed. Revision 'sendsafetyalert-00001-may' is not ready and cannot serve traffic. The user-provided container failed to start and listen on the port defined provided by the PORT=8080 environment variable within the allocated timeout. This can happen when the container port is misconfigured or if the timeout is too short. The health check timeout can be extended. Logs for this revision might contain more information.\n\nLogs URL: https://console.cloud.google.com/logs/viewer?project=safelydv300classproj&resource=cloud_run_revision/service_name/sendsafetyalert/revision_name/sendsafetyalert-00001-may&advancedFilter=resource.type%3D%22cloud_run_revision%22%0Aresource.labels.service_name%3D%22sendsafetyalert%22%0Aresource.labels.revision_name%3D%22sendsafetyalert-00001-may%22 \nFor more troubleshooting guidance, see https://cloud.google.com/run/docs/troubleshooting#container-failed-to-start"
    },
    "status": 3,
    "code": 3
  }
}
[debug] [2025-08-15T08:45:50.859Z] Error: Failed to create function sendSafetyAlert in region us-central1
    at C:\Users\Kurts\AppData\Roaming\npm\node_modules\firebase-tools\lib\deploy\functions\release\fabricator.js:294:27
    at process.processTicksAndRejections (node:internal/process/task_queues:105:5)
    at async Fabricator.createV2Function (C:\Users\Kurts\AppData\Roaming\npm\node_modules\firebase-tools\lib\deploy\functions\release\fabricator.js:278:30)
    at async Fabricator.createEndpoint (C:\Users\Kurts\AppData\Roaming\npm\node_modules\firebase-tools\lib\deploy\functions\release\fabricator.js:137:13)
    at async handle (C:\Users\Kurts\AppData\Roaming\npm\node_modules\firebase-tools\lib\deploy\functions\release\fabricator.js:89:17)
[error] 
[error] Error: There was an error deploying functions
